2012/12/30 22:11:30 [error] [exception.CException] exception 'CException' with message 'Property "CActiveForm.class" is not defined.' in C:\Users\Carlos\git\FenixLabRepo\Site\yii\base\CComponent.php:174
Stack trace:
#0 C:\Users\Carlos\git\FenixLabRepo\Site\yii\web\CWidgetFactory.php(162): CComponent->__set('class', 'form')
#1 C:\Users\Carlos\git\FenixLabRepo\Site\yii\web\CBaseController.php(147): CWidgetFactory->createWidget(Object(SiteController), 'CActiveForm', Array)
#2 C:\Users\Carlos\git\FenixLabRepo\Site\yii\web\CBaseController.php(190): CBaseController->createWidget('CActiveForm', Array)
#3 C:\Users\Carlos\git\FenixLabRepo\Site\FenixLabs-Site\protected\views\site\contact.php(33): CBaseController->beginWidget('CActiveForm', Array)
#4 C:\Users\Carlos\git\FenixLabRepo\Site\yii\web\CBaseController.php(127): require('C:\Users\Carlos...')
#5 C:\Users\Carlos\git\FenixLabRepo\Site\yii\web\CBaseController.php(96): CBaseController->renderInternal('C:\Users\Carlos...', Array, true)
#6 C:\Users\Carlos\git\FenixLabRepo\Site\yii\web\CController.php(870): CBaseController->renderFile('C:\Users\Carlos...', Array, true)
#7 C:\Users\Carlos\git\FenixLabRepo\Site\yii\web\CController.php(783): CController->renderPartial('contact', Array, true)
#8 C:\Users\Carlos\git\FenixLabRepo\Site\FenixLabs-Site\protected\controllers\SiteController.php(72): CController->render('contact', Array)
#9 C:\Users\Carlos\git\FenixLabRepo\Site\yii\web\actions\CInlineAction.php(50): SiteController->actionContact()
#10 C:\Users\Carlos\git\FenixLabRepo\Site\yii\web\CController.php(309): CInlineAction->runWithParams(Array)
#11 C:\Users\Carlos\git\FenixLabRepo\Site\yii\web\CController.php(287): CController->runAction(Object(CInlineAction))
#12 C:\Users\Carlos\git\FenixLabRepo\Site\yii\web\CController.php(266): CController->runActionWithFilters(Object(CInlineAction), Array)
#13 C:\Users\Carlos\git\FenixLabRepo\Site\yii\web\CWebApplication.php(283): CController->run('contact')
#14 C:\Users\Carlos\git\FenixLabRepo\Site\yii\web\CWebApplication.php(142): CWebApplication->runController('site/contact')
#15 C:\Users\Carlos\git\FenixLabRepo\Site\yii\base\CApplication.php(162): CWebApplication->processRequest()
#16 C:\Users\Carlos\git\FenixLabRepo\Site\FenixLabs-Site\index.php(13): CApplication->run()
#17 {main}
REQUEST_URI=/index.php?r=site/contact
HTTP_REFERER=http://localhost/index.php?r=site/index
---
2012/12/30 22:11:32 [error] [exception.CException] exception 'CException' with message 'Property "CActiveForm.class" is not defined.' in C:\Users\Carlos\git\FenixLabRepo\Site\yii\base\CComponent.php:174
Stack trace:
#0 C:\Users\Carlos\git\FenixLabRepo\Site\yii\web\CWidgetFactory.php(162): CComponent->__set('class', 'form')
#1 C:\Users\Carlos\git\FenixLabRepo\Site\yii\web\CBaseController.php(147): CWidgetFactory->createWidget(Object(SiteController), 'CActiveForm', Array)
#2 C:\Users\Carlos\git\FenixLabRepo\Site\yii\web\CBaseController.php(190): CBaseController->createWidget('CActiveForm', Array)
#3 C:\Users\Carlos\git\FenixLabRepo\Site\FenixLabs-Site\protected\views\site\contact.php(33): CBaseController->beginWidget('CActiveForm', Array)
#4 C:\Users\Carlos\git\FenixLabRepo\Site\yii\web\CBaseController.php(127): require('C:\Users\Carlos...')
#5 C:\Users\Carlos\git\FenixLabRepo\Site\yii\web\CBaseController.php(96): CBaseController->renderInternal('C:\Users\Carlos...', Array, true)
#6 C:\Users\Carlos\git\FenixLabRepo\Site\yii\web\CController.php(870): CBaseController->renderFile('C:\Users\Carlos...', Array, true)
#7 C:\Users\Carlos\git\FenixLabRepo\Site\yii\web\CController.php(783): CController->renderPartial('contact', Array, true)
#8 C:\Users\Carlos\git\FenixLabRepo\Site\FenixLabs-Site\protected\controllers\SiteController.php(72): CController->render('contact', Array)
#9 C:\Users\Carlos\git\FenixLabRepo\Site\yii\web\actions\CInlineAction.php(50): SiteController->actionContact()
#10 C:\Users\Carlos\git\FenixLabRepo\Site\yii\web\CController.php(309): CInlineAction->runWithParams(Array)
#11 C:\Users\Carlos\git\FenixLabRepo\Site\yii\web\CController.php(287): CController->runAction(Object(CInlineAction))
#12 C:\Users\Carlos\git\FenixLabRepo\Site\yii\web\CController.php(266): CController->runActionWithFilters(Object(CInlineAction), Array)
#13 C:\Users\Carlos\git\FenixLabRepo\Site\yii\web\CWebApplication.php(283): CController->run('contact')
#14 C:\Users\Carlos\git\FenixLabRepo\Site\yii\web\CWebApplication.php(142): CWebApplication->runController('site/contact')
#15 C:\Users\Carlos\git\FenixLabRepo\Site\yii\base\CApplication.php(162): CWebApplication->processRequest()
#16 C:\Users\Carlos\git\FenixLabRepo\Site\FenixLabs-Site\index.php(13): CApplication->run()
#17 {main}
REQUEST_URI=/index.php?r=site/contact
HTTP_REFERER=http://localhost/index.php?r=site/index
---
2012/12/30 22:11:33 [error] [exception.CException] exception 'CException' with message 'Property "CActiveForm.class" is not defined.' in C:\Users\Carlos\git\FenixLabRepo\Site\yii\base\CComponent.php:174
Stack trace:
#0 C:\Users\Carlos\git\FenixLabRepo\Site\yii\web\CWidgetFactory.php(162): CComponent->__set('class', 'form')
#1 C:\Users\Carlos\git\FenixLabRepo\Site\yii\web\CBaseController.php(147): CWidgetFactory->createWidget(Object(SiteController), 'CActiveForm', Array)
#2 C:\Users\Carlos\git\FenixLabRepo\Site\yii\web\CBaseController.php(190): CBaseController->createWidget('CActiveForm', Array)
#3 C:\Users\Carlos\git\FenixLabRepo\Site\FenixLabs-Site\protected\views\site\contact.php(33): CBaseController->beginWidget('CActiveForm', Array)
#4 C:\Users\Carlos\git\FenixLabRepo\Site\yii\web\CBaseController.php(127): require('C:\Users\Carlos...')
#5 C:\Users\Carlos\git\FenixLabRepo\Site\yii\web\CBaseController.php(96): CBaseController->renderInternal('C:\Users\Carlos...', Array, true)
#6 C:\Users\Carlos\git\FenixLabRepo\Site\yii\web\CController.php(870): CBaseController->renderFile('C:\Users\Carlos...', Array, true)
#7 C:\Users\Carlos\git\FenixLabRepo\Site\yii\web\CController.php(783): CController->renderPartial('contact', Array, true)
#8 C:\Users\Carlos\git\FenixLabRepo\Site\FenixLabs-Site\protected\controllers\SiteController.php(72): CController->render('contact', Array)
#9 C:\Users\Carlos\git\FenixLabRepo\Site\yii\web\actions\CInlineAction.php(50): SiteController->actionContact()
#10 C:\Users\Carlos\git\FenixLabRepo\Site\yii\web\CController.php(309): CInlineAction->runWithParams(Array)
#11 C:\Users\Carlos\git\FenixLabRepo\Site\yii\web\CController.php(287): CController->runAction(Object(CInlineAction))
#12 C:\Users\Carlos\git\FenixLabRepo\Site\yii\web\CController.php(266): CController->runActionWithFilters(Object(CInlineAction), Array)
#13 C:\Users\Carlos\git\FenixLabRepo\Site\yii\web\CWebApplication.php(283): CController->run('contact')
#14 C:\Users\Carlos\git\FenixLabRepo\Site\yii\web\CWebApplication.php(142): CWebApplication->runController('site/contact')
#15 C:\Users\Carlos\git\FenixLabRepo\Site\yii\base\CApplication.php(162): CWebApplication->processRequest()
#16 C:\Users\Carlos\git\FenixLabRepo\Site\FenixLabs-Site\index.php(13): CApplication->run()
#17 {main}
REQUEST_URI=/index.php?r=site/contact
HTTP_REFERER=http://localhost/index.php?r=site/index
---
2012/12/30 22:16:33 [error] [exception.CException] exception 'CException' with message 'Property "CActiveForm.0" is not defined.' in C:\Users\Carlos\git\FenixLabRepo\Site\yii\base\CComponent.php:174
Stack trace:
#0 C:\Users\Carlos\git\FenixLabRepo\Site\yii\web\CWidgetFactory.php(162): CComponent->__set('0', Array)
#1 C:\Users\Carlos\git\FenixLabRepo\Site\yii\web\CBaseController.php(147): CWidgetFactory->createWidget(Object(SiteController), 'CActiveForm', Array)
#2 C:\Users\Carlos\git\FenixLabRepo\Site\yii\web\CBaseController.php(190): CBaseController->createWidget('CActiveForm', Array)
#3 C:\Users\Carlos\git\FenixLabRepo\Site\FenixLabs-Site\protected\views\site\contact.php(33): CBaseController->beginWidget('CActiveForm', Array)
#4 C:\Users\Carlos\git\FenixLabRepo\Site\yii\web\CBaseController.php(127): require('C:\Users\Carlos...')
#5 C:\Users\Carlos\git\FenixLabRepo\Site\yii\web\CBaseController.php(96): CBaseController->renderInternal('C:\Users\Carlos...', Array, true)
#6 C:\Users\Carlos\git\FenixLabRepo\Site\yii\web\CController.php(870): CBaseController->renderFile('C:\Users\Carlos...', Array, true)
#7 C:\Users\Carlos\git\FenixLabRepo\Site\yii\web\CController.php(783): CController->renderPartial('contact', Array, true)
#8 C:\Users\Carlos\git\FenixLabRepo\Site\FenixLabs-Site\protected\controllers\SiteController.php(72): CController->render('contact', Array)
#9 C:\Users\Carlos\git\FenixLabRepo\Site\yii\web\actions\CInlineAction.php(50): SiteController->actionContact()
#10 C:\Users\Carlos\git\FenixLabRepo\Site\yii\web\CController.php(309): CInlineAction->runWithParams(Array)
#11 C:\Users\Carlos\git\FenixLabRepo\Site\yii\web\CController.php(287): CController->runAction(Object(CInlineAction))
#12 C:\Users\Carlos\git\FenixLabRepo\Site\yii\web\CController.php(266): CController->runActionWithFilters(Object(CInlineAction), Array)
#13 C:\Users\Carlos\git\FenixLabRepo\Site\yii\web\CWebApplication.php(283): CController->run('contact')
#14 C:\Users\Carlos\git\FenixLabRepo\Site\yii\web\CWebApplication.php(142): CWebApplication->runController('site/contact')
#15 C:\Users\Carlos\git\FenixLabRepo\Site\yii\base\CApplication.php(162): CWebApplication->processRequest()
#16 C:\Users\Carlos\git\FenixLabRepo\Site\FenixLabs-Site\index.php(13): CApplication->run()
#17 {main}
REQUEST_URI=/index.php?r=site/contact
HTTP_REFERER=http://localhost/index.php?r=site/contact
---
2012/12/30 22:18:01 [error] [exception.CException] exception 'CException' with message 'Property "CActiveForm.class" is not defined.' in C:\Users\Carlos\git\FenixLabRepo\Site\yii\base\CComponent.php:174
Stack trace:
#0 C:\Users\Carlos\git\FenixLabRepo\Site\yii\web\CWidgetFactory.php(162): CComponent->__set('class', 'form')
#1 C:\Users\Carlos\git\FenixLabRepo\Site\yii\web\CBaseController.php(147): CWidgetFactory->createWidget(Object(SiteController), 'CActiveForm', Array)
#2 C:\Users\Carlos\git\FenixLabRepo\Site\yii\web\CBaseController.php(190): CBaseController->createWidget('CActiveForm', Array)
#3 C:\Users\Carlos\git\FenixLabRepo\Site\FenixLabs-Site\protected\views\site\contact.php(33): CBaseController->beginWidget('CActiveForm', Array)
#4 C:\Users\Carlos\git\FenixLabRepo\Site\yii\web\CBaseController.php(127): require('C:\Users\Carlos...')
#5 C:\Users\Carlos\git\FenixLabRepo\Site\yii\web\CBaseController.php(96): CBaseController->renderInternal('C:\Users\Carlos...', Array, true)
#6 C:\Users\Carlos\git\FenixLabRepo\Site\yii\web\CController.php(870): CBaseController->renderFile('C:\Users\Carlos...', Array, true)
#7 C:\Users\Carlos\git\FenixLabRepo\Site\yii\web\CController.php(783): CController->renderPartial('contact', Array, true)
#8 C:\Users\Carlos\git\FenixLabRepo\Site\FenixLabs-Site\protected\controllers\SiteController.php(72): CController->render('contact', Array)
#9 C:\Users\Carlos\git\FenixLabRepo\Site\yii\web\actions\CInlineAction.php(50): SiteController->actionContact()
#10 C:\Users\Carlos\git\FenixLabRepo\Site\yii\web\CController.php(309): CInlineAction->runWithParams(Array)
#11 C:\Users\Carlos\git\FenixLabRepo\Site\yii\web\CController.php(287): CController->runAction(Object(CInlineAction))
#12 C:\Users\Carlos\git\FenixLabRepo\Site\yii\web\CController.php(266): CController->runActionWithFilters(Object(CInlineAction), Array)
#13 C:\Users\Carlos\git\FenixLabRepo\Site\yii\web\CWebApplication.php(283): CController->run('contact')
#14 C:\Users\Carlos\git\FenixLabRepo\Site\yii\web\CWebApplication.php(142): CWebApplication->runController('site/contact')
#15 C:\Users\Carlos\git\FenixLabRepo\Site\yii\base\CApplication.php(162): CWebApplication->processRequest()
#16 C:\Users\Carlos\git\FenixLabRepo\Site\FenixLabs-Site\index.php(13): CApplication->run()
#17 {main}
REQUEST_URI=/index.php?r=site/contact
HTTP_REFERER=http://localhost/index.php?r=site/contact
---
2012/12/31 21:16:06 [error] [php] mail() [<a href='function.mail'>function.mail</a>]: Failed to connect to mailserver at &quot;localhost&quot; port 25, verify your &quot;SMTP&quot; and &quot;smtp_port&quot; setting in php.ini or use ini_set() (C:\Users\Carlos\git\FenixLabRepo\Site\FenixLabs-Site\protected\controllers\SiteController.php:67)
Stack trace:
#0 C:\Users\Carlos\git\FenixLabRepo\Site\yii\web\CController.php(309): CInlineAction->runWithParams()
#1 C:\Users\Carlos\git\FenixLabRepo\Site\yii\web\CController.php(287): SiteController->runAction()
#2 C:\Users\Carlos\git\FenixLabRepo\Site\yii\web\CController.php(266): SiteController->runActionWithFilters()
#3 C:\Users\Carlos\git\FenixLabRepo\Site\yii\web\CWebApplication.php(283): SiteController->run()
#4 C:\Users\Carlos\git\FenixLabRepo\Site\yii\web\CWebApplication.php(142): CWebApplication->runController()
#5 C:\Users\Carlos\git\FenixLabRepo\Site\yii\base\CApplication.php(162): CWebApplication->processRequest()
#6 C:\Users\Carlos\git\FenixLabRepo\Site\FenixLabs-Site\index.php(13): CWebApplication->run()
REQUEST_URI=/index.php?r=site/contact
in C:\Users\Carlos\git\FenixLabRepo\Site\FenixLabs-Site\protected\controllers\SiteController.php (67)
in C:\Users\Carlos\git\FenixLabRepo\Site\FenixLabs-Site\index.php (13)
2012/12/31 21:23:10 [error] [php] mail() [<a href='function.mail'>function.mail</a>]: Failed to connect to mailserver at &quot;localhost&quot; port 25, verify your &quot;SMTP&quot; and &quot;smtp_port&quot; setting in php.ini or use ini_set() (C:\Users\Carlos\git\FenixLabRepo\Site\FenixLabs-Site\protected\controllers\SiteController.php:67)
Stack trace:
#0 C:\Users\Carlos\git\FenixLabRepo\Site\yii\web\CController.php(309): CInlineAction->runWithParams()
#1 C:\Users\Carlos\git\FenixLabRepo\Site\yii\web\CController.php(287): SiteController->runAction()
#2 C:\Users\Carlos\git\FenixLabRepo\Site\yii\web\CController.php(266): SiteController->runActionWithFilters()
#3 C:\Users\Carlos\git\FenixLabRepo\Site\yii\web\CWebApplication.php(283): SiteController->run()
#4 C:\Users\Carlos\git\FenixLabRepo\Site\yii\web\CWebApplication.php(142): CWebApplication->runController()
#5 C:\Users\Carlos\git\FenixLabRepo\Site\yii\base\CApplication.php(162): CWebApplication->processRequest()
#6 C:\Users\Carlos\git\FenixLabRepo\Site\FenixLabs-Site\index.php(13): CWebApplication->run()
REQUEST_URI=/index.php?r=site/contact
in C:\Users\Carlos\git\FenixLabRepo\Site\FenixLabs-Site\protected\controllers\SiteController.php (67)
in C:\Users\Carlos\git\FenixLabRepo\Site\FenixLabs-Site\index.php (13)
2013/01/02 18:03:06 [error] [exception.CException] exception 'CException' with message 'Propiedad "ContactForm"."Correo Electrónico" no se encuentra definida.' in C:\Users\Carlos\git\FenixLabRepo\Site\yii\base\CComponent.php:131
Stack trace:
#0 C:\Users\Carlos\git\FenixLabRepo\Site\yii\web\helpers\CHtml.php(2158): CComponent->__get('Correo Electr?n...')
#1 C:\Users\Carlos\git\FenixLabRepo\Site\yii\web\helpers\CHtml.php(1887): CHtml::resolveValue(Object(ContactForm), 'Correo Electr?n...')
#2 C:\Users\Carlos\git\FenixLabRepo\Site\yii\web\helpers\CHtml.php(1217): CHtml::activeInputField('text', Object(ContactForm), 'Correo Electr?n...', Array)
#3 C:\Users\Carlos\git\FenixLabRepo\Site\yii\web\widgets\CActiveForm.php(658): CHtml::activeTextField(Object(ContactForm), 'Correo Electr?n...', Array)
#4 C:\Users\Carlos\git\FenixLabRepo\Site\FenixLabs-Site\protected\views\site\contact.php(85): CActiveForm->textField(Object(ContactForm), 'Correo Electr?n...')
#5 C:\Users\Carlos\git\FenixLabRepo\Site\yii\web\CBaseController.php(127): require('C:\Users\Carlos...')
#6 C:\Users\Carlos\git\FenixLabRepo\Site\yii\web\CBaseController.php(96): CBaseController->renderInternal('C:\Users\Carlos...', Array, true)
#7 C:\Users\Carlos\git\FenixLabRepo\Site\yii\web\CController.php(870): CBaseController->renderFile('C:\Users\Carlos...', Array, true)
#8 C:\Users\Carlos\git\FenixLabRepo\Site\yii\web\CController.php(783): CController->renderPartial('contact', Array, true)
#9 C:\Users\Carlos\git\FenixLabRepo\Site\FenixLabs-Site\protected\controllers\SiteController.php(72): CController->render('contact', Array)
#10 C:\Users\Carlos\git\FenixLabRepo\Site\yii\web\actions\CInlineAction.php(50): SiteController->actionContact()
#11 C:\Users\Carlos\git\FenixLabRepo\Site\yii\web\CController.php(309): CInlineAction->runWithParams(Array)
#12 C:\Users\Carlos\git\FenixLabRepo\Site\yii\web\CController.php(287): CController->runAction(Object(CInlineAction))
#13 C:\Users\Carlos\git\FenixLabRepo\Site\yii\web\CController.php(266): CController->runActionWithFilters(Object(CInlineAction), Array)
#14 C:\Users\Carlos\git\FenixLabRepo\Site\yii\web\CWebApplication.php(283): CController->run('contact')
#15 C:\Users\Carlos\git\FenixLabRepo\Site\yii\web\CWebApplication.php(142): CWebApplication->runController('site/contact')
#16 C:\Users\Carlos\git\FenixLabRepo\Site\yii\base\CApplication.php(162): CWebApplication->processRequest()
#17 C:\Users\Carlos\git\FenixLabRepo\Site\FenixLabs-Site\index.php(13): CApplication->run()
#18 {main}
REQUEST_URI=/index.php?r=site/contact
HTTP_REFERER=http://localhost/index.php?r=site/contact
---
2013/01/02 18:03:09 [error] [exception.CException] exception 'CException' with message 'Propiedad "ContactForm"."Correo Electrónico" no se encuentra definida.' in C:\Users\Carlos\git\FenixLabRepo\Site\yii\base\CComponent.php:131
Stack trace:
#0 C:\Users\Carlos\git\FenixLabRepo\Site\yii\web\helpers\CHtml.php(2158): CComponent->__get('Correo Electr?n...')
#1 C:\Users\Carlos\git\FenixLabRepo\Site\yii\web\helpers\CHtml.php(1887): CHtml::resolveValue(Object(ContactForm), 'Correo Electr?n...')
#2 C:\Users\Carlos\git\FenixLabRepo\Site\yii\web\helpers\CHtml.php(1217): CHtml::activeInputField('text', Object(ContactForm), 'Correo Electr?n...', Array)
#3 C:\Users\Carlos\git\FenixLabRepo\Site\yii\web\widgets\CActiveForm.php(658): CHtml::activeTextField(Object(ContactForm), 'Correo Electr?n...', Array)
#4 C:\Users\Carlos\git\FenixLabRepo\Site\FenixLabs-Site\protected\views\site\contact.php(85): CActiveForm->textField(Object(ContactForm), 'Correo Electr?n...')
#5 C:\Users\Carlos\git\FenixLabRepo\Site\yii\web\CBaseController.php(127): require('C:\Users\Carlos...')
#6 C:\Users\Carlos\git\FenixLabRepo\Site\yii\web\CBaseController.php(96): CBaseController->renderInternal('C:\Users\Carlos...', Array, true)
#7 C:\Users\Carlos\git\FenixLabRepo\Site\yii\web\CController.php(870): CBaseController->renderFile('C:\Users\Carlos...', Array, true)
#8 C:\Users\Carlos\git\FenixLabRepo\Site\yii\web\CController.php(783): CController->renderPartial('contact', Array, true)
#9 C:\Users\Carlos\git\FenixLabRepo\Site\FenixLabs-Site\protected\controllers\SiteController.php(72): CController->render('contact', Array)
#10 C:\Users\Carlos\git\FenixLabRepo\Site\yii\web\actions\CInlineAction.php(50): SiteController->actionContact()
#11 C:\Users\Carlos\git\FenixLabRepo\Site\yii\web\CController.php(309): CInlineAction->runWithParams(Array)
#12 C:\Users\Carlos\git\FenixLabRepo\Site\yii\web\CController.php(287): CController->runAction(Object(CInlineAction))
#13 C:\Users\Carlos\git\FenixLabRepo\Site\yii\web\CController.php(266): CController->runActionWithFilters(Object(CInlineAction), Array)
#14 C:\Users\Carlos\git\FenixLabRepo\Site\yii\web\CWebApplication.php(283): CController->run('contact')
#15 C:\Users\Carlos\git\FenixLabRepo\Site\yii\web\CWebApplication.php(142): CWebApplication->runController('site/contact')
#16 C:\Users\Carlos\git\FenixLabRepo\Site\yii\base\CApplication.php(162): CWebApplication->processRequest()
#17 C:\Users\Carlos\git\FenixLabRepo\Site\FenixLabs-Site\index.php(13): CApplication->run()
#18 {main}
REQUEST_URI=/index.php?r=site/contact
HTTP_REFERER=http://localhost/index.php?r=site/contact
---
2013/01/02 18:10:37 [error] [php] mail() [<a href='function.mail'>function.mail</a>]: Failed to connect to mailserver at &quot;localhost&quot; port 25, verify your &quot;SMTP&quot; and &quot;smtp_port&quot; setting in php.ini or use ini_set() (C:\Users\Carlos\git\FenixLabRepo\Site\FenixLabs-Site\protected\controllers\SiteController.php:67)
Stack trace:
#0 C:\Users\Carlos\git\FenixLabRepo\Site\yii\web\CController.php(309): CInlineAction->runWithParams()
#1 C:\Users\Carlos\git\FenixLabRepo\Site\yii\web\CController.php(287): SiteController->runAction()
#2 C:\Users\Carlos\git\FenixLabRepo\Site\yii\web\CController.php(266): SiteController->runActionWithFilters()
#3 C:\Users\Carlos\git\FenixLabRepo\Site\yii\web\CWebApplication.php(283): SiteController->run()
#4 C:\Users\Carlos\git\FenixLabRepo\Site\yii\web\CWebApplication.php(142): CWebApplication->runController()
#5 C:\Users\Carlos\git\FenixLabRepo\Site\yii\base\CApplication.php(162): CWebApplication->processRequest()
#6 C:\Users\Carlos\git\FenixLabRepo\Site\FenixLabs-Site\index.php(13): CWebApplication->run()
REQUEST_URI=/index.php?r=site/contact
in C:\Users\Carlos\git\FenixLabRepo\Site\FenixLabs-Site\protected\controllers\SiteController.php (67)
in C:\Users\Carlos\git\FenixLabRepo\Site\FenixLabs-Site\index.php (13)
2013/01/02 18:16:30 [error] [php] include(Mail.php) [<a href='function.include'>function.include</a>]: failed to open stream: No such file or directory (C:\Users\Carlos\git\FenixLabRepo\Site\yii\YiiBase.php:423)
Stack trace:
#0 C:\Users\Carlos\git\FenixLabRepo\Site\FenixLabs-Site\protected\controllers\SiteController.php(68): spl_autoload_call()
#1 C:\Users\Carlos\git\FenixLabRepo\Site\yii\web\actions\CInlineAction.php(50): SiteController->actionContact()
#2 C:\Users\Carlos\git\FenixLabRepo\Site\yii\web\CController.php(309): CInlineAction->runWithParams()
#3 C:\Users\Carlos\git\FenixLabRepo\Site\yii\web\CController.php(287): SiteController->runAction()
#4 C:\Users\Carlos\git\FenixLabRepo\Site\yii\web\CController.php(266): SiteController->runActionWithFilters()
#5 C:\Users\Carlos\git\FenixLabRepo\Site\yii\web\CWebApplication.php(283): SiteController->run()
#6 C:\Users\Carlos\git\FenixLabRepo\Site\yii\web\CWebApplication.php(142): CWebApplication->runController()
#7 C:\Users\Carlos\git\FenixLabRepo\Site\yii\base\CApplication.php(162): CWebApplication->processRequest()
#8 C:\Users\Carlos\git\FenixLabRepo\Site\FenixLabs-Site\index.php(13): CWebApplication->run()
REQUEST_URI=/index.php?r=site/contact
in C:\Users\Carlos\git\FenixLabRepo\Site\FenixLabs-Site\protected\controllers\SiteController.php (68)
in C:\Users\Carlos\git\FenixLabRepo\Site\FenixLabs-Site\index.php (13)
2013/01/02 18:17:13 [error] [php] include(Mail.php) [<a href='function.include'>function.include</a>]: failed to open stream: No such file or directory (C:\Users\Carlos\git\FenixLabRepo\Site\yii\YiiBase.php:423)
Stack trace:
#0 C:\Users\Carlos\git\FenixLabRepo\Site\FenixLabs-Site\protected\controllers\SiteController.php(68): spl_autoload_call()
#1 C:\Users\Carlos\git\FenixLabRepo\Site\yii\web\actions\CInlineAction.php(50): SiteController->actionContact()
#2 C:\Users\Carlos\git\FenixLabRepo\Site\yii\web\CController.php(309): CInlineAction->runWithParams()
#3 C:\Users\Carlos\git\FenixLabRepo\Site\yii\web\CController.php(287): SiteController->runAction()
#4 C:\Users\Carlos\git\FenixLabRepo\Site\yii\web\CController.php(266): SiteController->runActionWithFilters()
#5 C:\Users\Carlos\git\FenixLabRepo\Site\yii\web\CWebApplication.php(283): SiteController->run()
#6 C:\Users\Carlos\git\FenixLabRepo\Site\yii\web\CWebApplication.php(142): CWebApplication->runController()
#7 C:\Users\Carlos\git\FenixLabRepo\Site\yii\base\CApplication.php(162): CWebApplication->processRequest()
#8 C:\Users\Carlos\git\FenixLabRepo\Site\FenixLabs-Site\index.php(13): CWebApplication->run()
REQUEST_URI=/index.php?r=site/contact
in C:\Users\Carlos\git\FenixLabRepo\Site\FenixLabs-Site\protected\controllers\SiteController.php (68)
in C:\Users\Carlos\git\FenixLabRepo\Site\FenixLabs-Site\index.php (13)
2013/01/02 19:29:45 [error] [php] include(Mail.php) [<a href='function.include'>function.include</a>]: failed to open stream: No such file or directory (C:\Users\Carlos\git\FenixLabRepo\Site\yii\YiiBase.php:423)
Stack trace:
#0 C:\Users\Carlos\git\FenixLabRepo\Site\FenixLabs-Site\protected\controllers\SiteController.php(68): spl_autoload_call()
#1 C:\Users\Carlos\git\FenixLabRepo\Site\yii\web\actions\CInlineAction.php(50): SiteController->actionContact()
#2 C:\Users\Carlos\git\FenixLabRepo\Site\yii\web\CController.php(309): CInlineAction->runWithParams()
#3 C:\Users\Carlos\git\FenixLabRepo\Site\yii\web\CController.php(287): SiteController->runAction()
#4 C:\Users\Carlos\git\FenixLabRepo\Site\yii\web\CController.php(266): SiteController->runActionWithFilters()
#5 C:\Users\Carlos\git\FenixLabRepo\Site\yii\web\CWebApplication.php(283): SiteController->run()
#6 C:\Users\Carlos\git\FenixLabRepo\Site\yii\web\CWebApplication.php(142): CWebApplication->runController()
#7 C:\Users\Carlos\git\FenixLabRepo\Site\yii\base\CApplication.php(162): CWebApplication->processRequest()
#8 C:\Users\Carlos\git\FenixLabRepo\Site\FenixLabs-Site\index.php(13): CWebApplication->run()
REQUEST_URI=/index.php?r=site/contact
in C:\Users\Carlos\git\FenixLabRepo\Site\FenixLabs-Site\protected\controllers\SiteController.php (68)
in C:\Users\Carlos\git\FenixLabRepo\Site\FenixLabs-Site\index.php (13)
2013/01/02 20:19:03 [error] [php] include(Mail.php) [<a href='function.include'>function.include</a>]: failed to open stream: No such file or directory (C:\Users\Carlos\git\FenixLabRepo\Site\yii\YiiBase.php:423)
Stack trace:
#0 C:\Users\Carlos\git\FenixLabRepo\Site\FenixLabs-Site\protected\controllers\SiteController.php(68): spl_autoload_call()
#1 C:\Users\Carlos\git\FenixLabRepo\Site\yii\web\actions\CInlineAction.php(50): SiteController->actionContact()
#2 C:\Users\Carlos\git\FenixLabRepo\Site\yii\web\CController.php(309): CInlineAction->runWithParams()
#3 C:\Users\Carlos\git\FenixLabRepo\Site\yii\web\CController.php(287): SiteController->runAction()
#4 C:\Users\Carlos\git\FenixLabRepo\Site\yii\web\CController.php(266): SiteController->runActionWithFilters()
#5 C:\Users\Carlos\git\FenixLabRepo\Site\yii\web\CWebApplication.php(283): SiteController->run()
#6 C:\Users\Carlos\git\FenixLabRepo\Site\yii\web\CWebApplication.php(142): CWebApplication->runController()
#7 C:\Users\Carlos\git\FenixLabRepo\Site\yii\base\CApplication.php(162): CWebApplication->processRequest()
#8 C:\Users\Carlos\git\FenixLabRepo\Site\FenixLabs-Site\index.php(13): CWebApplication->run()
REQUEST_URI=/index.php?r=site/contact
in C:\Users\Carlos\git\FenixLabRepo\Site\FenixLabs-Site\protected\controllers\SiteController.php (68)
in C:\Users\Carlos\git\FenixLabRepo\Site\FenixLabs-Site\index.php (13)
2013/01/02 20:25:13 [error] [exception.CException] exception 'CException' with message 'Propiedad "ContactForm"."name" no se encuentra definida.' in C:\Users\Carlos\git\FenixLabRepo\Site\yii\base\CComponent.php:131
Stack trace:
#0 C:\Users\Carlos\git\FenixLabRepo\Site\yii\web\helpers\CHtml.php(2158): CComponent->__get('name')
#1 C:\Users\Carlos\git\FenixLabRepo\Site\yii\web\helpers\CHtml.php(1887): CHtml::resolveValue(Object(ContactForm), 'name')
#2 C:\Users\Carlos\git\FenixLabRepo\Site\yii\web\helpers\CHtml.php(1217): CHtml::activeInputField('text', Object(ContactForm), 'name', Array)
#3 C:\Users\Carlos\git\FenixLabRepo\Site\yii\web\widgets\CActiveForm.php(658): CHtml::activeTextField(Object(ContactForm), 'name', Array)
#4 C:\Users\Carlos\git\FenixLabRepo\Site\FenixLabs-Site\protected\views\site\contact.php(75): CActiveForm->textField(Object(ContactForm), 'name')
#5 C:\Users\Carlos\git\FenixLabRepo\Site\yii\web\CBaseController.php(127): require('C:\Users\Carlos...')
#6 C:\Users\Carlos\git\FenixLabRepo\Site\yii\web\CBaseController.php(96): CBaseController->renderInternal('C:\Users\Carlos...', Array, true)
#7 C:\Users\Carlos\git\FenixLabRepo\Site\yii\web\CController.php(870): CBaseController->renderFile('C:\Users\Carlos...', Array, true)
#8 C:\Users\Carlos\git\FenixLabRepo\Site\yii\web\CController.php(783): CController->renderPartial('contact', Array, true)
#9 C:\Users\Carlos\git\FenixLabRepo\Site\FenixLabs-Site\protected\controllers\SiteController.php(72): CController->render('contact', Array)
#10 C:\Users\Carlos\git\FenixLabRepo\Site\yii\web\actions\CInlineAction.php(50): SiteController->actionContact()
#11 C:\Users\Carlos\git\FenixLabRepo\Site\yii\web\CController.php(309): CInlineAction->runWithParams(Array)
#12 C:\Users\Carlos\git\FenixLabRepo\Site\yii\web\CController.php(287): CController->runAction(Object(CInlineAction))
#13 C:\Users\Carlos\git\FenixLabRepo\Site\yii\web\CController.php(266): CController->runActionWithFilters(Object(CInlineAction), Array)
#14 C:\Users\Carlos\git\FenixLabRepo\Site\yii\web\CWebApplication.php(283): CController->run('contact')
#15 C:\Users\Carlos\git\FenixLabRepo\Site\yii\web\CWebApplication.php(142): CWebApplication->runController('site/contact')
#16 C:\Users\Carlos\git\FenixLabRepo\Site\yii\base\CApplication.php(162): CWebApplication->processRequest()
#17 C:\Users\Carlos\git\FenixLabRepo\Site\FenixLabs-Site\index.php(13): CApplication->run()
#18 {main}
REQUEST_URI=/index.php?r=site/contact
HTTP_REFERER=http://localhost/index.php?r=site/contact
---
2013/01/02 20:25:15 [error] [exception.CException] exception 'CException' with message 'Propiedad "ContactForm"."name" no se encuentra definida.' in C:\Users\Carlos\git\FenixLabRepo\Site\yii\base\CComponent.php:131
Stack trace:
#0 C:\Users\Carlos\git\FenixLabRepo\Site\yii\web\helpers\CHtml.php(2158): CComponent->__get('name')
#1 C:\Users\Carlos\git\FenixLabRepo\Site\yii\web\helpers\CHtml.php(1887): CHtml::resolveValue(Object(ContactForm), 'name')
#2 C:\Users\Carlos\git\FenixLabRepo\Site\yii\web\helpers\CHtml.php(1217): CHtml::activeInputField('text', Object(ContactForm), 'name', Array)
#3 C:\Users\Carlos\git\FenixLabRepo\Site\yii\web\widgets\CActiveForm.php(658): CHtml::activeTextField(Object(ContactForm), 'name', Array)
#4 C:\Users\Carlos\git\FenixLabRepo\Site\FenixLabs-Site\protected\views\site\contact.php(75): CActiveForm->textField(Object(ContactForm), 'name')
#5 C:\Users\Carlos\git\FenixLabRepo\Site\yii\web\CBaseController.php(127): require('C:\Users\Carlos...')
#6 C:\Users\Carlos\git\FenixLabRepo\Site\yii\web\CBaseController.php(96): CBaseController->renderInternal('C:\Users\Carlos...', Array, true)
#7 C:\Users\Carlos\git\FenixLabRepo\Site\yii\web\CController.php(870): CBaseController->renderFile('C:\Users\Carlos...', Array, true)
#8 C:\Users\Carlos\git\FenixLabRepo\Site\yii\web\CController.php(783): CController->renderPartial('contact', Array, true)
#9 C:\Users\Carlos\git\FenixLabRepo\Site\FenixLabs-Site\protected\controllers\SiteController.php(72): CController->render('contact', Array)
#10 C:\Users\Carlos\git\FenixLabRepo\Site\yii\web\actions\CInlineAction.php(50): SiteController->actionContact()
#11 C:\Users\Carlos\git\FenixLabRepo\Site\yii\web\CController.php(309): CInlineAction->runWithParams(Array)
#12 C:\Users\Carlos\git\FenixLabRepo\Site\yii\web\CController.php(287): CController->runAction(Object(CInlineAction))
#13 C:\Users\Carlos\git\FenixLabRepo\Site\yii\web\CController.php(266): CController->runActionWithFilters(Object(CInlineAction), Array)
#14 C:\Users\Carlos\git\FenixLabRepo\Site\yii\web\CWebApplication.php(283): CController->run('contact')
#15 C:\Users\Carlos\git\FenixLabRepo\Site\yii\web\CWebApplication.php(142): CWebApplication->runController('site/contact')
#16 C:\Users\Carlos\git\FenixLabRepo\Site\yii\base\CApplication.php(162): CWebApplication->processRequest()
#17 C:\Users\Carlos\git\FenixLabRepo\Site\FenixLabs-Site\index.php(13): CApplication->run()
#18 {main}
REQUEST_URI=/index.php?r=site/contact
HTTP_REFERER=http://localhost/index.php?r=site/contact
---
2013/01/02 20:25:16 [error] [exception.CException] exception 'CException' with message 'Propiedad "ContactForm"."name" no se encuentra definida.' in C:\Users\Carlos\git\FenixLabRepo\Site\yii\base\CComponent.php:131
Stack trace:
#0 C:\Users\Carlos\git\FenixLabRepo\Site\yii\web\helpers\CHtml.php(2158): CComponent->__get('name')
#1 C:\Users\Carlos\git\FenixLabRepo\Site\yii\web\helpers\CHtml.php(1887): CHtml::resolveValue(Object(ContactForm), 'name')
#2 C:\Users\Carlos\git\FenixLabRepo\Site\yii\web\helpers\CHtml.php(1217): CHtml::activeInputField('text', Object(ContactForm), 'name', Array)
#3 C:\Users\Carlos\git\FenixLabRepo\Site\yii\web\widgets\CActiveForm.php(658): CHtml::activeTextField(Object(ContactForm), 'name', Array)
#4 C:\Users\Carlos\git\FenixLabRepo\Site\FenixLabs-Site\protected\views\site\contact.php(75): CActiveForm->textField(Object(ContactForm), 'name')
#5 C:\Users\Carlos\git\FenixLabRepo\Site\yii\web\CBaseController.php(127): require('C:\Users\Carlos...')
#6 C:\Users\Carlos\git\FenixLabRepo\Site\yii\web\CBaseController.php(96): CBaseController->renderInternal('C:\Users\Carlos...', Array, true)
#7 C:\Users\Carlos\git\FenixLabRepo\Site\yii\web\CController.php(870): CBaseController->renderFile('C:\Users\Carlos...', Array, true)
#8 C:\Users\Carlos\git\FenixLabRepo\Site\yii\web\CController.php(783): CController->renderPartial('contact', Array, true)
#9 C:\Users\Carlos\git\FenixLabRepo\Site\FenixLabs-Site\protected\controllers\SiteController.php(72): CController->render('contact', Array)
#10 C:\Users\Carlos\git\FenixLabRepo\Site\yii\web\actions\CInlineAction.php(50): SiteController->actionContact()
#11 C:\Users\Carlos\git\FenixLabRepo\Site\yii\web\CController.php(309): CInlineAction->runWithParams(Array)
#12 C:\Users\Carlos\git\FenixLabRepo\Site\yii\web\CController.php(287): CController->runAction(Object(CInlineAction))
#13 C:\Users\Carlos\git\FenixLabRepo\Site\yii\web\CController.php(266): CController->runActionWithFilters(Object(CInlineAction), Array)
#14 C:\Users\Carlos\git\FenixLabRepo\Site\yii\web\CWebApplication.php(283): CController->run('contact')
#15 C:\Users\Carlos\git\FenixLabRepo\Site\yii\web\CWebApplication.php(142): CWebApplication->runController('site/contact')
#16 C:\Users\Carlos\git\FenixLabRepo\Site\yii\base\CApplication.php(162): CWebApplication->processRequest()
#17 C:\Users\Carlos\git\FenixLabRepo\Site\FenixLabs-Site\index.php(13): CApplication->run()
#18 {main}
REQUEST_URI=/index.php?r=site/contact
HTTP_REFERER=http://localhost/index.php?r=site/contact
---
2013/01/02 20:31:37 [error] [php] Undefined variable: menu (C:\Users\Carlos\git\FenixLabRepo\Site\FenixLabs-Site\protected\views\layouts\main.php:44)
Stack trace:
#0 C:\Users\Carlos\git\FenixLabRepo\Site\yii\web\widgets\CContentDecorator.php(77): SiteController->renderFile()
#1 C:\Users\Carlos\git\FenixLabRepo\Site\yii\web\widgets\CContentDecorator.php(55): CContentDecorator->decorate()
#2 C:\Users\Carlos\git\FenixLabRepo\Site\yii\web\widgets\COutputProcessor.php(45): CContentDecorator->processOutput()
#3 C:\Users\Carlos\git\FenixLabRepo\Site\yii\web\CBaseController.php(207): CContentDecorator->run()
#4 C:\Users\Carlos\git\FenixLabRepo\Site\yii\web\CBaseController.php(301): SiteController->endWidget()
#5 C:\Users\Carlos\git\FenixLabRepo\Site\FenixLabs-Site\protected\views\layouts\column1.php(6): SiteController->endContent()
#6 C:\Users\Carlos\git\FenixLabRepo\Site\yii\web\CBaseController.php(127): require()
#7 C:\Users\Carlos\git\FenixLabRepo\Site\yii\web\CBaseController.php(96): SiteController->renderInternal()
#8 C:\Users\Carlos\git\FenixLabRepo\Site\yii\web\CController.php(785): SiteController->renderFile()
#9 C:\Users\Carlos\git\FenixLabRepo\Site\FenixLabs-Site\protected\controllers\SiteController.php(75): SiteController->render()
#10 C:\Users\Carlos\git\FenixLabRepo\Site\yii\web\actions\CInlineAction.php(50): SiteController->actionContact()
#11 C:\Users\Carlos\git\FenixLabRepo\Site\yii\web\CController.php(309): CInlineAction->runWithParams()
#12 C:\Users\Carlos\git\FenixLabRepo\Site\yii\web\CController.php(287): SiteController->runAction()
#13 C:\Users\Carlos\git\FenixLabRepo\Site\yii\web\CController.php(266): SiteController->runActionWithFilters()
#14 C:\Users\Carlos\git\FenixLabRepo\Site\yii\web\CWebApplication.php(283): SiteController->run()
#15 C:\Users\Carlos\git\FenixLabRepo\Site\yii\web\CWebApplication.php(142): CWebApplication->runController()
#16 C:\Users\Carlos\git\FenixLabRepo\Site\yii\base\CApplication.php(162): CWebApplication->processRequest()
#17 C:\Users\Carlos\git\FenixLabRepo\Site\FenixLabs-Site\index.php(13): CWebApplication->run()
REQUEST_URI=/index.php?r=site/contact
in C:\Users\Carlos\git\FenixLabRepo\Site\FenixLabs-Site\protected\views\layouts\main.php (44)
in C:\Users\Carlos\git\FenixLabRepo\Site\FenixLabs-Site\protected\views\layouts\column1.php (6)
in C:\Users\Carlos\git\FenixLabRepo\Site\FenixLabs-Site\protected\controllers\SiteController.php (75)
2013/01/02 20:31:43 [error] [php] Undefined variable: menu (C:\Users\Carlos\git\FenixLabRepo\Site\FenixLabs-Site\protected\views\layouts\main.php:44)
Stack trace:
#0 C:\Users\Carlos\git\FenixLabRepo\Site\yii\web\widgets\CContentDecorator.php(77): SiteController->renderFile()
#1 C:\Users\Carlos\git\FenixLabRepo\Site\yii\web\widgets\CContentDecorator.php(55): CContentDecorator->decorate()
#2 C:\Users\Carlos\git\FenixLabRepo\Site\yii\web\widgets\COutputProcessor.php(45): CContentDecorator->processOutput()
#3 C:\Users\Carlos\git\FenixLabRepo\Site\yii\web\CBaseController.php(207): CContentDecorator->run()
#4 C:\Users\Carlos\git\FenixLabRepo\Site\yii\web\CBaseController.php(301): SiteController->endWidget()
#5 C:\Users\Carlos\git\FenixLabRepo\Site\FenixLabs-Site\protected\views\layouts\column1.php(6): SiteController->endContent()
#6 C:\Users\Carlos\git\FenixLabRepo\Site\yii\web\CBaseController.php(127): require()
#7 C:\Users\Carlos\git\FenixLabRepo\Site\yii\web\CBaseController.php(96): SiteController->renderInternal()
#8 C:\Users\Carlos\git\FenixLabRepo\Site\yii\web\CController.php(785): SiteController->renderFile()
#9 C:\Users\Carlos\git\FenixLabRepo\Site\FenixLabs-Site\protected\controllers\SiteController.php(35): SiteController->render()
#10 C:\Users\Carlos\git\FenixLabRepo\Site\yii\web\actions\CInlineAction.php(50): SiteController->actionIndex()
#11 C:\Users\Carlos\git\FenixLabRepo\Site\yii\web\CController.php(309): CInlineAction->runWithParams()
#12 C:\Users\Carlos\git\FenixLabRepo\Site\yii\web\CController.php(287): SiteController->runAction()
#13 C:\Users\Carlos\git\FenixLabRepo\Site\yii\web\CController.php(266): SiteController->runActionWithFilters()
#14 C:\Users\Carlos\git\FenixLabRepo\Site\yii\web\CWebApplication.php(283): SiteController->run()
#15 C:\Users\Carlos\git\FenixLabRepo\Site\yii\web\CWebApplication.php(142): CWebApplication->runController()
#16 C:\Users\Carlos\git\FenixLabRepo\Site\yii\base\CApplication.php(162): CWebApplication->processRequest()
#17 C:\Users\Carlos\git\FenixLabRepo\Site\FenixLabs-Site\index.php(13): CWebApplication->run()
REQUEST_URI=/
in C:\Users\Carlos\git\FenixLabRepo\Site\FenixLabs-Site\protected\views\layouts\main.php (44)
in C:\Users\Carlos\git\FenixLabRepo\Site\FenixLabs-Site\protected\views\layouts\column1.php (6)
in C:\Users\Carlos\git\FenixLabRepo\Site\FenixLabs-Site\protected\controllers\SiteController.php (35)
2013/01/02 20:32:41 [error] [php] Undefined variable: menu (C:\Users\Carlos\git\FenixLabRepo\Site\FenixLabs-Site\protected\views\layouts\main.php:44)
Stack trace:
#0 C:\Users\Carlos\git\FenixLabRepo\Site\yii\web\widgets\CContentDecorator.php(77): SiteController->renderFile()
#1 C:\Users\Carlos\git\FenixLabRepo\Site\yii\web\widgets\CContentDecorator.php(55): CContentDecorator->decorate()
#2 C:\Users\Carlos\git\FenixLabRepo\Site\yii\web\widgets\COutputProcessor.php(45): CContentDecorator->processOutput()
#3 C:\Users\Carlos\git\FenixLabRepo\Site\yii\web\CBaseController.php(207): CContentDecorator->run()
#4 C:\Users\Carlos\git\FenixLabRepo\Site\yii\web\CBaseController.php(301): SiteController->endWidget()
#5 C:\Users\Carlos\git\FenixLabRepo\Site\FenixLabs-Site\protected\views\layouts\column1.php(6): SiteController->endContent()
#6 C:\Users\Carlos\git\FenixLabRepo\Site\yii\web\CBaseController.php(127): require()
#7 C:\Users\Carlos\git\FenixLabRepo\Site\yii\web\CBaseController.php(96): SiteController->renderInternal()
#8 C:\Users\Carlos\git\FenixLabRepo\Site\yii\web\CController.php(785): SiteController->renderFile()
#9 C:\Users\Carlos\git\FenixLabRepo\Site\FenixLabs-Site\protected\controllers\SiteController.php(35): SiteController->render()
#10 C:\Users\Carlos\git\FenixLabRepo\Site\yii\web\actions\CInlineAction.php(50): SiteController->actionIndex()
#11 C:\Users\Carlos\git\FenixLabRepo\Site\yii\web\CController.php(309): CInlineAction->runWithParams()
#12 C:\Users\Carlos\git\FenixLabRepo\Site\yii\web\CController.php(287): SiteController->runAction()
#13 C:\Users\Carlos\git\FenixLabRepo\Site\yii\web\CController.php(266): SiteController->runActionWithFilters()
#14 C:\Users\Carlos\git\FenixLabRepo\Site\yii\web\CWebApplication.php(283): SiteController->run()
#15 C:\Users\Carlos\git\FenixLabRepo\Site\yii\web\CWebApplication.php(142): CWebApplication->runController()
#16 C:\Users\Carlos\git\FenixLabRepo\Site\yii\base\CApplication.php(162): CWebApplication->processRequest()
#17 C:\Users\Carlos\git\FenixLabRepo\Site\FenixLabs-Site\index.php(13): CWebApplication->run()
REQUEST_URI=/
in C:\Users\Carlos\git\FenixLabRepo\Site\FenixLabs-Site\protected\views\layouts\main.php (44)
in C:\Users\Carlos\git\FenixLabRepo\Site\FenixLabs-Site\protected\views\layouts\column1.php (6)
in C:\Users\Carlos\git\FenixLabRepo\Site\FenixLabs-Site\protected\controllers\SiteController.php (35)
2013/01/02 20:32:42 [error] [php] Undefined variable: menu (C:\Users\Carlos\git\FenixLabRepo\Site\FenixLabs-Site\protected\views\layouts\main.php:44)
Stack trace:
#0 C:\Users\Carlos\git\FenixLabRepo\Site\yii\web\widgets\CContentDecorator.php(77): SiteController->renderFile()
#1 C:\Users\Carlos\git\FenixLabRepo\Site\yii\web\widgets\CContentDecorator.php(55): CContentDecorator->decorate()
#2 C:\Users\Carlos\git\FenixLabRepo\Site\yii\web\widgets\COutputProcessor.php(45): CContentDecorator->processOutput()
#3 C:\Users\Carlos\git\FenixLabRepo\Site\yii\web\CBaseController.php(207): CContentDecorator->run()
#4 C:\Users\Carlos\git\FenixLabRepo\Site\yii\web\CBaseController.php(301): SiteController->endWidget()
#5 C:\Users\Carlos\git\FenixLabRepo\Site\FenixLabs-Site\protected\views\layouts\column1.php(6): SiteController->endContent()
#6 C:\Users\Carlos\git\FenixLabRepo\Site\yii\web\CBaseController.php(127): require()
#7 C:\Users\Carlos\git\FenixLabRepo\Site\yii\web\CBaseController.php(96): SiteController->renderInternal()
#8 C:\Users\Carlos\git\FenixLabRepo\Site\yii\web\CController.php(785): SiteController->renderFile()
#9 C:\Users\Carlos\git\FenixLabRepo\Site\FenixLabs-Site\protected\controllers\SiteController.php(35): SiteController->render()
#10 C:\Users\Carlos\git\FenixLabRepo\Site\yii\web\actions\CInlineAction.php(50): SiteController->actionIndex()
#11 C:\Users\Carlos\git\FenixLabRepo\Site\yii\web\CController.php(309): CInlineAction->runWithParams()
#12 C:\Users\Carlos\git\FenixLabRepo\Site\yii\web\CController.php(287): SiteController->runAction()
#13 C:\Users\Carlos\git\FenixLabRepo\Site\yii\web\CController.php(266): SiteController->runActionWithFilters()
#14 C:\Users\Carlos\git\FenixLabRepo\Site\yii\web\CWebApplication.php(283): SiteController->run()
#15 C:\Users\Carlos\git\FenixLabRepo\Site\yii\web\CWebApplication.php(142): CWebApplication->runController()
#16 C:\Users\Carlos\git\FenixLabRepo\Site\yii\base\CApplication.php(162): CWebApplication->processRequest()
#17 C:\Users\Carlos\git\FenixLabRepo\Site\FenixLabs-Site\index.php(13): CWebApplication->run()
REQUEST_URI=/
in C:\Users\Carlos\git\FenixLabRepo\Site\FenixLabs-Site\protected\views\layouts\main.php (44)
in C:\Users\Carlos\git\FenixLabRepo\Site\FenixLabs-Site\protected\views\layouts\column1.php (6)
in C:\Users\Carlos\git\FenixLabRepo\Site\FenixLabs-Site\protected\controllers\SiteController.php (35)
2013/01/02 20:32:43 [error] [php] Undefined variable: menu (C:\Users\Carlos\git\FenixLabRepo\Site\FenixLabs-Site\protected\views\layouts\main.php:44)
Stack trace:
#0 C:\Users\Carlos\git\FenixLabRepo\Site\yii\web\widgets\CContentDecorator.php(77): SiteController->renderFile()
#1 C:\Users\Carlos\git\FenixLabRepo\Site\yii\web\widgets\CContentDecorator.php(55): CContentDecorator->decorate()
#2 C:\Users\Carlos\git\FenixLabRepo\Site\yii\web\widgets\COutputProcessor.php(45): CContentDecorator->processOutput()
#3 C:\Users\Carlos\git\FenixLabRepo\Site\yii\web\CBaseController.php(207): CContentDecorator->run()
#4 C:\Users\Carlos\git\FenixLabRepo\Site\yii\web\CBaseController.php(301): SiteController->endWidget()
#5 C:\Users\Carlos\git\FenixLabRepo\Site\FenixLabs-Site\protected\views\layouts\column1.php(6): SiteController->endContent()
#6 C:\Users\Carlos\git\FenixLabRepo\Site\yii\web\CBaseController.php(127): require()
#7 C:\Users\Carlos\git\FenixLabRepo\Site\yii\web\CBaseController.php(96): SiteController->renderInternal()
#8 C:\Users\Carlos\git\FenixLabRepo\Site\yii\web\CController.php(785): SiteController->renderFile()
#9 C:\Users\Carlos\git\FenixLabRepo\Site\FenixLabs-Site\protected\controllers\SiteController.php(75): SiteController->render()
#10 C:\Users\Carlos\git\FenixLabRepo\Site\yii\web\actions\CInlineAction.php(50): SiteController->actionContact()
#11 C:\Users\Carlos\git\FenixLabRepo\Site\yii\web\CController.php(309): CInlineAction->runWithParams()
#12 C:\Users\Carlos\git\FenixLabRepo\Site\yii\web\CController.php(287): SiteController->runAction()
#13 C:\Users\Carlos\git\FenixLabRepo\Site\yii\web\CController.php(266): SiteController->runActionWithFilters()
#14 C:\Users\Carlos\git\FenixLabRepo\Site\yii\web\CWebApplication.php(283): SiteController->run()
#15 C:\Users\Carlos\git\FenixLabRepo\Site\yii\web\CWebApplication.php(142): CWebApplication->runController()
#16 C:\Users\Carlos\git\FenixLabRepo\Site\yii\base\CApplication.php(162): CWebApplication->processRequest()
#17 C:\Users\Carlos\git\FenixLabRepo\Site\FenixLabs-Site\index.php(13): CWebApplication->run()
REQUEST_URI=/index.php?r=site/contact
in C:\Users\Carlos\git\FenixLabRepo\Site\FenixLabs-Site\protected\views\layouts\main.php (44)
in C:\Users\Carlos\git\FenixLabRepo\Site\FenixLabs-Site\protected\views\layouts\column1.php (6)
in C:\Users\Carlos\git\FenixLabRepo\Site\FenixLabs-Site\protected\controllers\SiteController.php (75)
2013/01/02 20:32:44 [error] [php] Undefined variable: menu (C:\Users\Carlos\git\FenixLabRepo\Site\FenixLabs-Site\protected\views\layouts\main.php:44)
Stack trace:
#0 C:\Users\Carlos\git\FenixLabRepo\Site\yii\web\widgets\CContentDecorator.php(77): SiteController->renderFile()
#1 C:\Users\Carlos\git\FenixLabRepo\Site\yii\web\widgets\CContentDecorator.php(55): CContentDecorator->decorate()
#2 C:\Users\Carlos\git\FenixLabRepo\Site\yii\web\widgets\COutputProcessor.php(45): CContentDecorator->processOutput()
#3 C:\Users\Carlos\git\FenixLabRepo\Site\yii\web\CBaseController.php(207): CContentDecorator->run()
#4 C:\Users\Carlos\git\FenixLabRepo\Site\yii\web\CBaseController.php(301): SiteController->endWidget()
#5 C:\Users\Carlos\git\FenixLabRepo\Site\FenixLabs-Site\protected\views\layouts\column1.php(6): SiteController->endContent()
#6 C:\Users\Carlos\git\FenixLabRepo\Site\yii\web\CBaseController.php(127): require()
#7 C:\Users\Carlos\git\FenixLabRepo\Site\yii\web\CBaseController.php(96): SiteController->renderInternal()
#8 C:\Users\Carlos\git\FenixLabRepo\Site\yii\web\CController.php(785): SiteController->renderFile()
#9 C:\Users\Carlos\git\FenixLabRepo\Site\FenixLabs-Site\protected\controllers\SiteController.php(75): SiteController->render()
#10 C:\Users\Carlos\git\FenixLabRepo\Site\yii\web\actions\CInlineAction.php(50): SiteController->actionContact()
#11 C:\Users\Carlos\git\FenixLabRepo\Site\yii\web\CController.php(309): CInlineAction->runWithParams()
#12 C:\Users\Carlos\git\FenixLabRepo\Site\yii\web\CController.php(287): SiteController->runAction()
#13 C:\Users\Carlos\git\FenixLabRepo\Site\yii\web\CController.php(266): SiteController->runActionWithFilters()
#14 C:\Users\Carlos\git\FenixLabRepo\Site\yii\web\CWebApplication.php(283): SiteController->run()
#15 C:\Users\Carlos\git\FenixLabRepo\Site\yii\web\CWebApplication.php(142): CWebApplication->runController()
#16 C:\Users\Carlos\git\FenixLabRepo\Site\yii\base\CApplication.php(162): CWebApplication->processRequest()
#17 C:\Users\Carlos\git\FenixLabRepo\Site\FenixLabs-Site\index.php(13): CWebApplication->run()
REQUEST_URI=/index.php?r=site/contact
in C:\Users\Carlos\git\FenixLabRepo\Site\FenixLabs-Site\protected\views\layouts\main.php (44)
in C:\Users\Carlos\git\FenixLabRepo\Site\FenixLabs-Site\protected\views\layouts\column1.php (6)
in C:\Users\Carlos\git\FenixLabRepo\Site\FenixLabs-Site\protected\controllers\SiteController.php (75)
2013/01/02 20:32:44 [error] [php] Undefined variable: menu (C:\Users\Carlos\git\FenixLabRepo\Site\FenixLabs-Site\protected\views\layouts\main.php:44)
Stack trace:
#0 C:\Users\Carlos\git\FenixLabRepo\Site\yii\web\widgets\CContentDecorator.php(77): SiteController->renderFile()
#1 C:\Users\Carlos\git\FenixLabRepo\Site\yii\web\widgets\CContentDecorator.php(55): CContentDecorator->decorate()
#2 C:\Users\Carlos\git\FenixLabRepo\Site\yii\web\widgets\COutputProcessor.php(45): CContentDecorator->processOutput()
#3 C:\Users\Carlos\git\FenixLabRepo\Site\yii\web\CBaseController.php(207): CContentDecorator->run()
#4 C:\Users\Carlos\git\FenixLabRepo\Site\yii\web\CBaseController.php(301): SiteController->endWidget()
#5 C:\Users\Carlos\git\FenixLabRepo\Site\FenixLabs-Site\protected\views\layouts\column1.php(6): SiteController->endContent()
#6 C:\Users\Carlos\git\FenixLabRepo\Site\yii\web\CBaseController.php(127): require()
#7 C:\Users\Carlos\git\FenixLabRepo\Site\yii\web\CBaseController.php(96): SiteController->renderInternal()
#8 C:\Users\Carlos\git\FenixLabRepo\Site\yii\web\CController.php(785): SiteController->renderFile()
#9 C:\Users\Carlos\git\FenixLabRepo\Site\FenixLabs-Site\protected\controllers\SiteController.php(75): SiteController->render()
#10 C:\Users\Carlos\git\FenixLabRepo\Site\yii\web\actions\CInlineAction.php(50): SiteController->actionContact()
#11 C:\Users\Carlos\git\FenixLabRepo\Site\yii\web\CController.php(309): CInlineAction->runWithParams()
#12 C:\Users\Carlos\git\FenixLabRepo\Site\yii\web\CController.php(287): SiteController->runAction()
#13 C:\Users\Carlos\git\FenixLabRepo\Site\yii\web\CController.php(266): SiteController->runActionWithFilters()
#14 C:\Users\Carlos\git\FenixLabRepo\Site\yii\web\CWebApplication.php(283): SiteController->run()
#15 C:\Users\Carlos\git\FenixLabRepo\Site\yii\web\CWebApplication.php(142): CWebApplication->runController()
#16 C:\Users\Carlos\git\FenixLabRepo\Site\yii\base\CApplication.php(162): CWebApplication->processRequest()
#17 C:\Users\Carlos\git\FenixLabRepo\Site\FenixLabs-Site\index.php(13): CWebApplication->run()
REQUEST_URI=/index.php?r=site/contact
in C:\Users\Carlos\git\FenixLabRepo\Site\FenixLabs-Site\protected\views\layouts\main.php (44)
in C:\Users\Carlos\git\FenixLabRepo\Site\FenixLabs-Site\protected\views\layouts\column1.php (6)
in C:\Users\Carlos\git\FenixLabRepo\Site\FenixLabs-Site\protected\controllers\SiteController.php (75)
2013/01/02 20:33:19 [error] [php] Undefined variable: menu (C:\Users\Carlos\git\FenixLabRepo\Site\FenixLabs-Site\protected\views\layouts\main.php:44)
Stack trace:
#0 C:\Users\Carlos\git\FenixLabRepo\Site\yii\web\widgets\CContentDecorator.php(77): SiteController->renderFile()
#1 C:\Users\Carlos\git\FenixLabRepo\Site\yii\web\widgets\CContentDecorator.php(55): CContentDecorator->decorate()
#2 C:\Users\Carlos\git\FenixLabRepo\Site\yii\web\widgets\COutputProcessor.php(45): CContentDecorator->processOutput()
#3 C:\Users\Carlos\git\FenixLabRepo\Site\yii\web\CBaseController.php(207): CContentDecorator->run()
#4 C:\Users\Carlos\git\FenixLabRepo\Site\yii\web\CBaseController.php(301): SiteController->endWidget()
#5 C:\Users\Carlos\git\FenixLabRepo\Site\FenixLabs-Site\protected\views\layouts\column1.php(6): SiteController->endContent()
#6 C:\Users\Carlos\git\FenixLabRepo\Site\yii\web\CBaseController.php(127): require()
#7 C:\Users\Carlos\git\FenixLabRepo\Site\yii\web\CBaseController.php(96): SiteController->renderInternal()
#8 C:\Users\Carlos\git\FenixLabRepo\Site\yii\web\CController.php(785): SiteController->renderFile()
#9 C:\Users\Carlos\git\FenixLabRepo\Site\FenixLabs-Site\protected\controllers\SiteController.php(76): SiteController->render()
#10 C:\Users\Carlos\git\FenixLabRepo\Site\yii\web\actions\CInlineAction.php(50): SiteController->actionContact()
#11 C:\Users\Carlos\git\FenixLabRepo\Site\yii\web\CController.php(309): CInlineAction->runWithParams()
#12 C:\Users\Carlos\git\FenixLabRepo\Site\yii\web\CController.php(287): SiteController->runAction()
#13 C:\Users\Carlos\git\FenixLabRepo\Site\yii\web\CController.php(266): SiteController->runActionWithFilters()
#14 C:\Users\Carlos\git\FenixLabRepo\Site\yii\web\CWebApplication.php(283): SiteController->run()
#15 C:\Users\Carlos\git\FenixLabRepo\Site\yii\web\CWebApplication.php(142): CWebApplication->runController()
#16 C:\Users\Carlos\git\FenixLabRepo\Site\yii\base\CApplication.php(162): CWebApplication->processRequest()
#17 C:\Users\Carlos\git\FenixLabRepo\Site\FenixLabs-Site\index.php(13): CWebApplication->run()
REQUEST_URI=/index.php?r=site/contact
in C:\Users\Carlos\git\FenixLabRepo\Site\FenixLabs-Site\protected\views\layouts\main.php (44)
in C:\Users\Carlos\git\FenixLabRepo\Site\FenixLabs-Site\protected\views\layouts\column1.php (6)
in C:\Users\Carlos\git\FenixLabRepo\Site\FenixLabs-Site\protected\controllers\SiteController.php (76)
2013/01/02 20:33:20 [error] [php] Undefined variable: menu (C:\Users\Carlos\git\FenixLabRepo\Site\FenixLabs-Site\protected\views\layouts\main.php:44)
Stack trace:
#0 C:\Users\Carlos\git\FenixLabRepo\Site\yii\web\widgets\CContentDecorator.php(77): SiteController->renderFile()
#1 C:\Users\Carlos\git\FenixLabRepo\Site\yii\web\widgets\CContentDecorator.php(55): CContentDecorator->decorate()
#2 C:\Users\Carlos\git\FenixLabRepo\Site\yii\web\widgets\COutputProcessor.php(45): CContentDecorator->processOutput()
#3 C:\Users\Carlos\git\FenixLabRepo\Site\yii\web\CBaseController.php(207): CContentDecorator->run()
#4 C:\Users\Carlos\git\FenixLabRepo\Site\yii\web\CBaseController.php(301): SiteController->endWidget()
#5 C:\Users\Carlos\git\FenixLabRepo\Site\FenixLabs-Site\protected\views\layouts\column1.php(6): SiteController->endContent()
#6 C:\Users\Carlos\git\FenixLabRepo\Site\yii\web\CBaseController.php(127): require()
#7 C:\Users\Carlos\git\FenixLabRepo\Site\yii\web\CBaseController.php(96): SiteController->renderInternal()
#8 C:\Users\Carlos\git\FenixLabRepo\Site\yii\web\CController.php(785): SiteController->renderFile()
#9 C:\Users\Carlos\git\FenixLabRepo\Site\FenixLabs-Site\protected\controllers\SiteController.php(76): SiteController->render()
#10 C:\Users\Carlos\git\FenixLabRepo\Site\yii\web\actions\CInlineAction.php(50): SiteController->actionContact()
#11 C:\Users\Carlos\git\FenixLabRepo\Site\yii\web\CController.php(309): CInlineAction->runWithParams()
#12 C:\Users\Carlos\git\FenixLabRepo\Site\yii\web\CController.php(287): SiteController->runAction()
#13 C:\Users\Carlos\git\FenixLabRepo\Site\yii\web\CController.php(266): SiteController->runActionWithFilters()
#14 C:\Users\Carlos\git\FenixLabRepo\Site\yii\web\CWebApplication.php(283): SiteController->run()
#15 C:\Users\Carlos\git\FenixLabRepo\Site\yii\web\CWebApplication.php(142): CWebApplication->runController()
#16 C:\Users\Carlos\git\FenixLabRepo\Site\yii\base\CApplication.php(162): CWebApplication->processRequest()
#17 C:\Users\Carlos\git\FenixLabRepo\Site\FenixLabs-Site\index.php(13): CWebApplication->run()
REQUEST_URI=/index.php?r=site/contact
in C:\Users\Carlos\git\FenixLabRepo\Site\FenixLabs-Site\protected\views\layouts\main.php (44)
in C:\Users\Carlos\git\FenixLabRepo\Site\FenixLabs-Site\protected\views\layouts\column1.php (6)
in C:\Users\Carlos\git\FenixLabRepo\Site\FenixLabs-Site\protected\controllers\SiteController.php (76)
2013/01/02 20:33:20 [error] [php] Undefined variable: menu (C:\Users\Carlos\git\FenixLabRepo\Site\FenixLabs-Site\protected\views\layouts\main.php:44)
Stack trace:
#0 C:\Users\Carlos\git\FenixLabRepo\Site\yii\web\widgets\CContentDecorator.php(77): SiteController->renderFile()
#1 C:\Users\Carlos\git\FenixLabRepo\Site\yii\web\widgets\CContentDecorator.php(55): CContentDecorator->decorate()
#2 C:\Users\Carlos\git\FenixLabRepo\Site\yii\web\widgets\COutputProcessor.php(45): CContentDecorator->processOutput()
#3 C:\Users\Carlos\git\FenixLabRepo\Site\yii\web\CBaseController.php(207): CContentDecorator->run()
#4 C:\Users\Carlos\git\FenixLabRepo\Site\yii\web\CBaseController.php(301): SiteController->endWidget()
#5 C:\Users\Carlos\git\FenixLabRepo\Site\FenixLabs-Site\protected\views\layouts\column1.php(6): SiteController->endContent()
#6 C:\Users\Carlos\git\FenixLabRepo\Site\yii\web\CBaseController.php(127): require()
#7 C:\Users\Carlos\git\FenixLabRepo\Site\yii\web\CBaseController.php(96): SiteController->renderInternal()
#8 C:\Users\Carlos\git\FenixLabRepo\Site\yii\web\CController.php(785): SiteController->renderFile()
#9 C:\Users\Carlos\git\FenixLabRepo\Site\FenixLabs-Site\protected\controllers\SiteController.php(76): SiteController->render()
#10 C:\Users\Carlos\git\FenixLabRepo\Site\yii\web\actions\CInlineAction.php(50): SiteController->actionContact()
#11 C:\Users\Carlos\git\FenixLabRepo\Site\yii\web\CController.php(309): CInlineAction->runWithParams()
#12 C:\Users\Carlos\git\FenixLabRepo\Site\yii\web\CController.php(287): SiteController->runAction()
#13 C:\Users\Carlos\git\FenixLabRepo\Site\yii\web\CController.php(266): SiteController->runActionWithFilters()
#14 C:\Users\Carlos\git\FenixLabRepo\Site\yii\web\CWebApplication.php(283): SiteController->run()
#15 C:\Users\Carlos\git\FenixLabRepo\Site\yii\web\CWebApplication.php(142): CWebApplication->runController()
#16 C:\Users\Carlos\git\FenixLabRepo\Site\yii\base\CApplication.php(162): CWebApplication->processRequest()
#17 C:\Users\Carlos\git\FenixLabRepo\Site\FenixLabs-Site\index.php(13): CWebApplication->run()
REQUEST_URI=/index.php?r=site/contact
in C:\Users\Carlos\git\FenixLabRepo\Site\FenixLabs-Site\protected\views\layouts\main.php (44)
in C:\Users\Carlos\git\FenixLabRepo\Site\FenixLabs-Site\protected\views\layouts\column1.php (6)
in C:\Users\Carlos\git\FenixLabRepo\Site\FenixLabs-Site\protected\controllers\SiteController.php (76)
2013/01/02 20:33:20 [error] [php] Undefined variable: menu (C:\Users\Carlos\git\FenixLabRepo\Site\FenixLabs-Site\protected\views\layouts\main.php:44)
Stack trace:
#0 C:\Users\Carlos\git\FenixLabRepo\Site\yii\web\widgets\CContentDecorator.php(77): SiteController->renderFile()
#1 C:\Users\Carlos\git\FenixLabRepo\Site\yii\web\widgets\CContentDecorator.php(55): CContentDecorator->decorate()
#2 C:\Users\Carlos\git\FenixLabRepo\Site\yii\web\widgets\COutputProcessor.php(45): CContentDecorator->processOutput()
#3 C:\Users\Carlos\git\FenixLabRepo\Site\yii\web\CBaseController.php(207): CContentDecorator->run()
#4 C:\Users\Carlos\git\FenixLabRepo\Site\yii\web\CBaseController.php(301): SiteController->endWidget()
#5 C:\Users\Carlos\git\FenixLabRepo\Site\FenixLabs-Site\protected\views\layouts\column1.php(6): SiteController->endContent()
#6 C:\Users\Carlos\git\FenixLabRepo\Site\yii\web\CBaseController.php(127): require()
#7 C:\Users\Carlos\git\FenixLabRepo\Site\yii\web\CBaseController.php(96): SiteController->renderInternal()
#8 C:\Users\Carlos\git\FenixLabRepo\Site\yii\web\CController.php(785): SiteController->renderFile()
#9 C:\Users\Carlos\git\FenixLabRepo\Site\FenixLabs-Site\protected\controllers\SiteController.php(76): SiteController->render()
#10 C:\Users\Carlos\git\FenixLabRepo\Site\yii\web\actions\CInlineAction.php(50): SiteController->actionContact()
#11 C:\Users\Carlos\git\FenixLabRepo\Site\yii\web\CController.php(309): CInlineAction->runWithParams()
#12 C:\Users\Carlos\git\FenixLabRepo\Site\yii\web\CController.php(287): SiteController->runAction()
#13 C:\Users\Carlos\git\FenixLabRepo\Site\yii\web\CController.php(266): SiteController->runActionWithFilters()
#14 C:\Users\Carlos\git\FenixLabRepo\Site\yii\web\CWebApplication.php(283): SiteController->run()
#15 C:\Users\Carlos\git\FenixLabRepo\Site\yii\web\CWebApplication.php(142): CWebApplication->runController()
#16 C:\Users\Carlos\git\FenixLabRepo\Site\yii\base\CApplication.php(162): CWebApplication->processRequest()
#17 C:\Users\Carlos\git\FenixLabRepo\Site\FenixLabs-Site\index.php(13): CWebApplication->run()
REQUEST_URI=/index.php?r=site/contact
in C:\Users\Carlos\git\FenixLabRepo\Site\FenixLabs-Site\protected\views\layouts\main.php (44)
in C:\Users\Carlos\git\FenixLabRepo\Site\FenixLabs-Site\protected\views\layouts\column1.php (6)
in C:\Users\Carlos\git\FenixLabRepo\Site\FenixLabs-Site\protected\controllers\SiteController.php (76)
2013/01/02 20:33:21 [error] [php] Undefined variable: menu (C:\Users\Carlos\git\FenixLabRepo\Site\FenixLabs-Site\protected\views\layouts\main.php:44)
Stack trace:
#0 C:\Users\Carlos\git\FenixLabRepo\Site\yii\web\widgets\CContentDecorator.php(77): SiteController->renderFile()
#1 C:\Users\Carlos\git\FenixLabRepo\Site\yii\web\widgets\CContentDecorator.php(55): CContentDecorator->decorate()
#2 C:\Users\Carlos\git\FenixLabRepo\Site\yii\web\widgets\COutputProcessor.php(45): CContentDecorator->processOutput()
#3 C:\Users\Carlos\git\FenixLabRepo\Site\yii\web\CBaseController.php(207): CContentDecorator->run()
#4 C:\Users\Carlos\git\FenixLabRepo\Site\yii\web\CBaseController.php(301): SiteController->endWidget()
#5 C:\Users\Carlos\git\FenixLabRepo\Site\FenixLabs-Site\protected\views\layouts\column1.php(6): SiteController->endContent()
#6 C:\Users\Carlos\git\FenixLabRepo\Site\yii\web\CBaseController.php(127): require()
#7 C:\Users\Carlos\git\FenixLabRepo\Site\yii\web\CBaseController.php(96): SiteController->renderInternal()
#8 C:\Users\Carlos\git\FenixLabRepo\Site\yii\web\CController.php(785): SiteController->renderFile()
#9 C:\Users\Carlos\git\FenixLabRepo\Site\FenixLabs-Site\protected\controllers\SiteController.php(76): SiteController->render()
#10 C:\Users\Carlos\git\FenixLabRepo\Site\yii\web\actions\CInlineAction.php(50): SiteController->actionContact()
#11 C:\Users\Carlos\git\FenixLabRepo\Site\yii\web\CController.php(309): CInlineAction->runWithParams()
#12 C:\Users\Carlos\git\FenixLabRepo\Site\yii\web\CController.php(287): SiteController->runAction()
#13 C:\Users\Carlos\git\FenixLabRepo\Site\yii\web\CController.php(266): SiteController->runActionWithFilters()
#14 C:\Users\Carlos\git\FenixLabRepo\Site\yii\web\CWebApplication.php(283): SiteController->run()
#15 C:\Users\Carlos\git\FenixLabRepo\Site\yii\web\CWebApplication.php(142): CWebApplication->runController()
#16 C:\Users\Carlos\git\FenixLabRepo\Site\yii\base\CApplication.php(162): CWebApplication->processRequest()
#17 C:\Users\Carlos\git\FenixLabRepo\Site\FenixLabs-Site\index.php(13): CWebApplication->run()
REQUEST_URI=/index.php?r=site/contact
in C:\Users\Carlos\git\FenixLabRepo\Site\FenixLabs-Site\protected\views\layouts\main.php (44)
in C:\Users\Carlos\git\FenixLabRepo\Site\FenixLabs-Site\protected\views\layouts\column1.php (6)
in C:\Users\Carlos\git\FenixLabRepo\Site\FenixLabs-Site\protected\controllers\SiteController.php (76)
2013/01/02 20:33:21 [error] [php] Undefined variable: menu (C:\Users\Carlos\git\FenixLabRepo\Site\FenixLabs-Site\protected\views\layouts\main.php:44)
Stack trace:
#0 C:\Users\Carlos\git\FenixLabRepo\Site\yii\web\widgets\CContentDecorator.php(77): SiteController->renderFile()
#1 C:\Users\Carlos\git\FenixLabRepo\Site\yii\web\widgets\CContentDecorator.php(55): CContentDecorator->decorate()
#2 C:\Users\Carlos\git\FenixLabRepo\Site\yii\web\widgets\COutputProcessor.php(45): CContentDecorator->processOutput()
#3 C:\Users\Carlos\git\FenixLabRepo\Site\yii\web\CBaseController.php(207): CContentDecorator->run()
#4 C:\Users\Carlos\git\FenixLabRepo\Site\yii\web\CBaseController.php(301): SiteController->endWidget()
#5 C:\Users\Carlos\git\FenixLabRepo\Site\FenixLabs-Site\protected\views\layouts\column1.php(6): SiteController->endContent()
#6 C:\Users\Carlos\git\FenixLabRepo\Site\yii\web\CBaseController.php(127): require()
#7 C:\Users\Carlos\git\FenixLabRepo\Site\yii\web\CBaseController.php(96): SiteController->renderInternal()
#8 C:\Users\Carlos\git\FenixLabRepo\Site\yii\web\CController.php(785): SiteController->renderFile()
#9 C:\Users\Carlos\git\FenixLabRepo\Site\FenixLabs-Site\protected\controllers\SiteController.php(76): SiteController->render()
#10 C:\Users\Carlos\git\FenixLabRepo\Site\yii\web\actions\CInlineAction.php(50): SiteController->actionContact()
#11 C:\Users\Carlos\git\FenixLabRepo\Site\yii\web\CController.php(309): CInlineAction->runWithParams()
#12 C:\Users\Carlos\git\FenixLabRepo\Site\yii\web\CController.php(287): SiteController->runAction()
#13 C:\Users\Carlos\git\FenixLabRepo\Site\yii\web\CController.php(266): SiteController->runActionWithFilters()
#14 C:\Users\Carlos\git\FenixLabRepo\Site\yii\web\CWebApplication.php(283): SiteController->run()
#15 C:\Users\Carlos\git\FenixLabRepo\Site\yii\web\CWebApplication.php(142): CWebApplication->runController()
#16 C:\Users\Carlos\git\FenixLabRepo\Site\yii\base\CApplication.php(162): CWebApplication->processRequest()
#17 C:\Users\Carlos\git\FenixLabRepo\Site\FenixLabs-Site\index.php(13): CWebApplication->run()
REQUEST_URI=/index.php?r=site/contact
in C:\Users\Carlos\git\FenixLabRepo\Site\FenixLabs-Site\protected\views\layouts\main.php (44)
in C:\Users\Carlos\git\FenixLabRepo\Site\FenixLabs-Site\protected\views\layouts\column1.php (6)
in C:\Users\Carlos\git\FenixLabRepo\Site\FenixLabs-Site\protected\controllers\SiteController.php (76)
2013/01/02 20:33:21 [error] [php] Undefined variable: menu (C:\Users\Carlos\git\FenixLabRepo\Site\FenixLabs-Site\protected\views\layouts\main.php:44)
Stack trace:
#0 C:\Users\Carlos\git\FenixLabRepo\Site\yii\web\widgets\CContentDecorator.php(77): SiteController->renderFile()
#1 C:\Users\Carlos\git\FenixLabRepo\Site\yii\web\widgets\CContentDecorator.php(55): CContentDecorator->decorate()
#2 C:\Users\Carlos\git\FenixLabRepo\Site\yii\web\widgets\COutputProcessor.php(45): CContentDecorator->processOutput()
#3 C:\Users\Carlos\git\FenixLabRepo\Site\yii\web\CBaseController.php(207): CContentDecorator->run()
#4 C:\Users\Carlos\git\FenixLabRepo\Site\yii\web\CBaseController.php(301): SiteController->endWidget()
#5 C:\Users\Carlos\git\FenixLabRepo\Site\FenixLabs-Site\protected\views\layouts\column1.php(6): SiteController->endContent()
#6 C:\Users\Carlos\git\FenixLabRepo\Site\yii\web\CBaseController.php(127): require()
#7 C:\Users\Carlos\git\FenixLabRepo\Site\yii\web\CBaseController.php(96): SiteController->renderInternal()
#8 C:\Users\Carlos\git\FenixLabRepo\Site\yii\web\CController.php(785): SiteController->renderFile()
#9 C:\Users\Carlos\git\FenixLabRepo\Site\FenixLabs-Site\protected\controllers\SiteController.php(76): SiteController->render()
#10 C:\Users\Carlos\git\FenixLabRepo\Site\yii\web\actions\CInlineAction.php(50): SiteController->actionContact()
#11 C:\Users\Carlos\git\FenixLabRepo\Site\yii\web\CController.php(309): CInlineAction->runWithParams()
#12 C:\Users\Carlos\git\FenixLabRepo\Site\yii\web\CController.php(287): SiteController->runAction()
#13 C:\Users\Carlos\git\FenixLabRepo\Site\yii\web\CController.php(266): SiteController->runActionWithFilters()
#14 C:\Users\Carlos\git\FenixLabRepo\Site\yii\web\CWebApplication.php(283): SiteController->run()
#15 C:\Users\Carlos\git\FenixLabRepo\Site\yii\web\CWebApplication.php(142): CWebApplication->runController()
#16 C:\Users\Carlos\git\FenixLabRepo\Site\yii\base\CApplication.php(162): CWebApplication->processRequest()
#17 C:\Users\Carlos\git\FenixLabRepo\Site\FenixLabs-Site\index.php(13): CWebApplication->run()
REQUEST_URI=/index.php?r=site/contact
in C:\Users\Carlos\git\FenixLabRepo\Site\FenixLabs-Site\protected\views\layouts\main.php (44)
in C:\Users\Carlos\git\FenixLabRepo\Site\FenixLabs-Site\protected\views\layouts\column1.php (6)
in C:\Users\Carlos\git\FenixLabRepo\Site\FenixLabs-Site\protected\controllers\SiteController.php (76)
2013/01/02 20:33:22 [error] [php] Undefined variable: menu (C:\Users\Carlos\git\FenixLabRepo\Site\FenixLabs-Site\protected\views\layouts\main.php:44)
Stack trace:
#0 C:\Users\Carlos\git\FenixLabRepo\Site\yii\web\widgets\CContentDecorator.php(77): SiteController->renderFile()
#1 C:\Users\Carlos\git\FenixLabRepo\Site\yii\web\widgets\CContentDecorator.php(55): CContentDecorator->decorate()
#2 C:\Users\Carlos\git\FenixLabRepo\Site\yii\web\widgets\COutputProcessor.php(45): CContentDecorator->processOutput()
#3 C:\Users\Carlos\git\FenixLabRepo\Site\yii\web\CBaseController.php(207): CContentDecorator->run()
#4 C:\Users\Carlos\git\FenixLabRepo\Site\yii\web\CBaseController.php(301): SiteController->endWidget()
#5 C:\Users\Carlos\git\FenixLabRepo\Site\FenixLabs-Site\protected\views\layouts\column1.php(6): SiteController->endContent()
#6 C:\Users\Carlos\git\FenixLabRepo\Site\yii\web\CBaseController.php(127): require()
#7 C:\Users\Carlos\git\FenixLabRepo\Site\yii\web\CBaseController.php(96): SiteController->renderInternal()
#8 C:\Users\Carlos\git\FenixLabRepo\Site\yii\web\CController.php(785): SiteController->renderFile()
#9 C:\Users\Carlos\git\FenixLabRepo\Site\FenixLabs-Site\protected\controllers\SiteController.php(76): SiteController->render()
#10 C:\Users\Carlos\git\FenixLabRepo\Site\yii\web\actions\CInlineAction.php(50): SiteController->actionContact()
#11 C:\Users\Carlos\git\FenixLabRepo\Site\yii\web\CController.php(309): CInlineAction->runWithParams()
#12 C:\Users\Carlos\git\FenixLabRepo\Site\yii\web\CController.php(287): SiteController->runAction()
#13 C:\Users\Carlos\git\FenixLabRepo\Site\yii\web\CController.php(266): SiteController->runActionWithFilters()
#14 C:\Users\Carlos\git\FenixLabRepo\Site\yii\web\CWebApplication.php(283): SiteController->run()
#15 C:\Users\Carlos\git\FenixLabRepo\Site\yii\web\CWebApplication.php(142): CWebApplication->runController()
#16 C:\Users\Carlos\git\FenixLabRepo\Site\yii\base\CApplication.php(162): CWebApplication->processRequest()
#17 C:\Users\Carlos\git\FenixLabRepo\Site\FenixLabs-Site\index.php(13): CWebApplication->run()
REQUEST_URI=/index.php?r=site/contact
in C:\Users\Carlos\git\FenixLabRepo\Site\FenixLabs-Site\protected\views\layouts\main.php (44)
in C:\Users\Carlos\git\FenixLabRepo\Site\FenixLabs-Site\protected\views\layouts\column1.php (6)
in C:\Users\Carlos\git\FenixLabRepo\Site\FenixLabs-Site\protected\controllers\SiteController.php (76)
2013/01/02 20:33:23 [error] [php] Undefined variable: menu (C:\Users\Carlos\git\FenixLabRepo\Site\FenixLabs-Site\protected\views\layouts\main.php:44)
Stack trace:
#0 C:\Users\Carlos\git\FenixLabRepo\Site\yii\web\widgets\CContentDecorator.php(77): SiteController->renderFile()
#1 C:\Users\Carlos\git\FenixLabRepo\Site\yii\web\widgets\CContentDecorator.php(55): CContentDecorator->decorate()
#2 C:\Users\Carlos\git\FenixLabRepo\Site\yii\web\widgets\COutputProcessor.php(45): CContentDecorator->processOutput()
#3 C:\Users\Carlos\git\FenixLabRepo\Site\yii\web\CBaseController.php(207): CContentDecorator->run()
#4 C:\Users\Carlos\git\FenixLabRepo\Site\yii\web\CBaseController.php(301): SiteController->endWidget()
#5 C:\Users\Carlos\git\FenixLabRepo\Site\FenixLabs-Site\protected\views\layouts\column1.php(6): SiteController->endContent()
#6 C:\Users\Carlos\git\FenixLabRepo\Site\yii\web\CBaseController.php(127): require()
#7 C:\Users\Carlos\git\FenixLabRepo\Site\yii\web\CBaseController.php(96): SiteController->renderInternal()
#8 C:\Users\Carlos\git\FenixLabRepo\Site\yii\web\CController.php(785): SiteController->renderFile()
#9 C:\Users\Carlos\git\FenixLabRepo\Site\FenixLabs-Site\protected\controllers\SiteController.php(76): SiteController->render()
#10 C:\Users\Carlos\git\FenixLabRepo\Site\yii\web\actions\CInlineAction.php(50): SiteController->actionContact()
#11 C:\Users\Carlos\git\FenixLabRepo\Site\yii\web\CController.php(309): CInlineAction->runWithParams()
#12 C:\Users\Carlos\git\FenixLabRepo\Site\yii\web\CController.php(287): SiteController->runAction()
#13 C:\Users\Carlos\git\FenixLabRepo\Site\yii\web\CController.php(266): SiteController->runActionWithFilters()
#14 C:\Users\Carlos\git\FenixLabRepo\Site\yii\web\CWebApplication.php(283): SiteController->run()
#15 C:\Users\Carlos\git\FenixLabRepo\Site\yii\web\CWebApplication.php(142): CWebApplication->runController()
#16 C:\Users\Carlos\git\FenixLabRepo\Site\yii\base\CApplication.php(162): CWebApplication->processRequest()
#17 C:\Users\Carlos\git\FenixLabRepo\Site\FenixLabs-Site\index.php(13): CWebApplication->run()
REQUEST_URI=/index.php?r=site/contact
in C:\Users\Carlos\git\FenixLabRepo\Site\FenixLabs-Site\protected\views\layouts\main.php (44)
in C:\Users\Carlos\git\FenixLabRepo\Site\FenixLabs-Site\protected\views\layouts\column1.php (6)
in C:\Users\Carlos\git\FenixLabRepo\Site\FenixLabs-Site\protected\controllers\SiteController.php (76)
2013/01/02 20:34:17 [error] [php] Undefined variable: menu (C:\Users\Carlos\git\FenixLabRepo\Site\FenixLabs-Site\protected\views\layouts\main.php:44)
Stack trace:
#0 C:\Users\Carlos\git\FenixLabRepo\Site\yii\web\widgets\CContentDecorator.php(77): SiteController->renderFile()
#1 C:\Users\Carlos\git\FenixLabRepo\Site\yii\web\widgets\CContentDecorator.php(55): CContentDecorator->decorate()
#2 C:\Users\Carlos\git\FenixLabRepo\Site\yii\web\widgets\COutputProcessor.php(45): CContentDecorator->processOutput()
#3 C:\Users\Carlos\git\FenixLabRepo\Site\yii\web\CBaseController.php(207): CContentDecorator->run()
#4 C:\Users\Carlos\git\FenixLabRepo\Site\yii\web\CBaseController.php(301): SiteController->endWidget()
#5 C:\Users\Carlos\git\FenixLabRepo\Site\FenixLabs-Site\protected\views\layouts\column1.php(6): SiteController->endContent()
#6 C:\Users\Carlos\git\FenixLabRepo\Site\yii\web\CBaseController.php(127): require()
#7 C:\Users\Carlos\git\FenixLabRepo\Site\yii\web\CBaseController.php(96): SiteController->renderInternal()
#8 C:\Users\Carlos\git\FenixLabRepo\Site\yii\web\CController.php(785): SiteController->renderFile()
#9 C:\Users\Carlos\git\FenixLabRepo\Site\FenixLabs-Site\protected\controllers\SiteController.php(76): SiteController->render()
#10 C:\Users\Carlos\git\FenixLabRepo\Site\yii\web\actions\CInlineAction.php(50): SiteController->actionContact()
#11 C:\Users\Carlos\git\FenixLabRepo\Site\yii\web\CController.php(309): CInlineAction->runWithParams()
#12 C:\Users\Carlos\git\FenixLabRepo\Site\yii\web\CController.php(287): SiteController->runAction()
#13 C:\Users\Carlos\git\FenixLabRepo\Site\yii\web\CController.php(266): SiteController->runActionWithFilters()
#14 C:\Users\Carlos\git\FenixLabRepo\Site\yii\web\CWebApplication.php(283): SiteController->run()
#15 C:\Users\Carlos\git\FenixLabRepo\Site\yii\web\CWebApplication.php(142): CWebApplication->runController()
#16 C:\Users\Carlos\git\FenixLabRepo\Site\yii\base\CApplication.php(162): CWebApplication->processRequest()
#17 C:\Users\Carlos\git\FenixLabRepo\Site\FenixLabs-Site\index.php(13): CWebApplication->run()
REQUEST_URI=/index.php?r=site/contact
in C:\Users\Carlos\git\FenixLabRepo\Site\FenixLabs-Site\protected\views\layouts\main.php (44)
in C:\Users\Carlos\git\FenixLabRepo\Site\FenixLabs-Site\protected\views\layouts\column1.php (6)
in C:\Users\Carlos\git\FenixLabRepo\Site\FenixLabs-Site\protected\controllers\SiteController.php (76)
2013/01/02 20:34:22 [error] [php] Undefined variable: menu (C:\Users\Carlos\git\FenixLabRepo\Site\FenixLabs-Site\protected\views\layouts\main.php:44)
Stack trace:
#0 C:\Users\Carlos\git\FenixLabRepo\Site\yii\web\widgets\CContentDecorator.php(77): SiteController->renderFile()
#1 C:\Users\Carlos\git\FenixLabRepo\Site\yii\web\widgets\CContentDecorator.php(55): CContentDecorator->decorate()
#2 C:\Users\Carlos\git\FenixLabRepo\Site\yii\web\widgets\COutputProcessor.php(45): CContentDecorator->processOutput()
#3 C:\Users\Carlos\git\FenixLabRepo\Site\yii\web\CBaseController.php(207): CContentDecorator->run()
#4 C:\Users\Carlos\git\FenixLabRepo\Site\yii\web\CBaseController.php(301): SiteController->endWidget()
#5 C:\Users\Carlos\git\FenixLabRepo\Site\FenixLabs-Site\protected\views\layouts\column1.php(6): SiteController->endContent()
#6 C:\Users\Carlos\git\FenixLabRepo\Site\yii\web\CBaseController.php(127): require()
#7 C:\Users\Carlos\git\FenixLabRepo\Site\yii\web\CBaseController.php(96): SiteController->renderInternal()
#8 C:\Users\Carlos\git\FenixLabRepo\Site\yii\web\CController.php(785): SiteController->renderFile()
#9 C:\Users\Carlos\git\FenixLabRepo\Site\FenixLabs-Site\protected\controllers\SiteController.php(36): SiteController->render()
#10 C:\Users\Carlos\git\FenixLabRepo\Site\yii\web\actions\CInlineAction.php(50): SiteController->actionIndex()
#11 C:\Users\Carlos\git\FenixLabRepo\Site\yii\web\CController.php(309): CInlineAction->runWithParams()
#12 C:\Users\Carlos\git\FenixLabRepo\Site\yii\web\CController.php(287): SiteController->runAction()
#13 C:\Users\Carlos\git\FenixLabRepo\Site\yii\web\CController.php(266): SiteController->runActionWithFilters()
#14 C:\Users\Carlos\git\FenixLabRepo\Site\yii\web\CWebApplication.php(283): SiteController->run()
#15 C:\Users\Carlos\git\FenixLabRepo\Site\yii\web\CWebApplication.php(142): CWebApplication->runController()
#16 C:\Users\Carlos\git\FenixLabRepo\Site\yii\base\CApplication.php(162): CWebApplication->processRequest()
#17 C:\Users\Carlos\git\FenixLabRepo\Site\FenixLabs-Site\index.php(13): CWebApplication->run()
REQUEST_URI=/
in C:\Users\Carlos\git\FenixLabRepo\Site\FenixLabs-Site\protected\views\layouts\main.php (44)
in C:\Users\Carlos\git\FenixLabRepo\Site\FenixLabs-Site\protected\views\layouts\column1.php (6)
in C:\Users\Carlos\git\FenixLabRepo\Site\FenixLabs-Site\protected\controllers\SiteController.php (36)
2013/01/02 20:38:28 [error] [php] Undefined variable: menu (C:\Users\Carlos\git\FenixLabRepo\Site\FenixLabs-Site\protected\views\layouts\main.php:44)
Stack trace:
#0 C:\Users\Carlos\git\FenixLabRepo\Site\yii\web\widgets\CContentDecorator.php(77): SiteController->renderFile()
#1 C:\Users\Carlos\git\FenixLabRepo\Site\yii\web\widgets\CContentDecorator.php(55): CContentDecorator->decorate()
#2 C:\Users\Carlos\git\FenixLabRepo\Site\yii\web\widgets\COutputProcessor.php(45): CContentDecorator->processOutput()
#3 C:\Users\Carlos\git\FenixLabRepo\Site\yii\web\CBaseController.php(207): CContentDecorator->run()
#4 C:\Users\Carlos\git\FenixLabRepo\Site\yii\web\CBaseController.php(301): SiteController->endWidget()
#5 C:\Users\Carlos\git\FenixLabRepo\Site\FenixLabs-Site\protected\views\layouts\column1.php(6): SiteController->endContent()
#6 C:\Users\Carlos\git\FenixLabRepo\Site\yii\web\CBaseController.php(127): require()
#7 C:\Users\Carlos\git\FenixLabRepo\Site\yii\web\CBaseController.php(96): SiteController->renderInternal()
#8 C:\Users\Carlos\git\FenixLabRepo\Site\yii\web\CController.php(785): SiteController->renderFile()
#9 C:\Users\Carlos\git\FenixLabRepo\Site\FenixLabs-Site\protected\controllers\SiteController.php(36): SiteController->render()
#10 C:\Users\Carlos\git\FenixLabRepo\Site\yii\web\actions\CInlineAction.php(50): SiteController->actionIndex()
#11 C:\Users\Carlos\git\FenixLabRepo\Site\yii\web\CController.php(309): CInlineAction->runWithParams()
#12 C:\Users\Carlos\git\FenixLabRepo\Site\yii\web\CController.php(287): SiteController->runAction()
#13 C:\Users\Carlos\git\FenixLabRepo\Site\yii\web\CController.php(266): SiteController->runActionWithFilters()
#14 C:\Users\Carlos\git\FenixLabRepo\Site\yii\web\CWebApplication.php(283): SiteController->run()
#15 C:\Users\Carlos\git\FenixLabRepo\Site\yii\web\CWebApplication.php(142): CWebApplication->runController()
#16 C:\Users\Carlos\git\FenixLabRepo\Site\yii\base\CApplication.php(162): CWebApplication->processRequest()
#17 C:\Users\Carlos\git\FenixLabRepo\Site\FenixLabs-Site\index.php(13): CWebApplication->run()
REQUEST_URI=/
in C:\Users\Carlos\git\FenixLabRepo\Site\FenixLabs-Site\protected\views\layouts\main.php (44)
in C:\Users\Carlos\git\FenixLabRepo\Site\FenixLabs-Site\protected\views\layouts\column1.php (6)
in C:\Users\Carlos\git\FenixLabRepo\Site\FenixLabs-Site\protected\controllers\SiteController.php (36)
2013/01/02 20:38:29 [error] [php] Undefined variable: menu (C:\Users\Carlos\git\FenixLabRepo\Site\FenixLabs-Site\protected\views\layouts\main.php:44)
Stack trace:
#0 C:\Users\Carlos\git\FenixLabRepo\Site\yii\web\widgets\CContentDecorator.php(77): SiteController->renderFile()
#1 C:\Users\Carlos\git\FenixLabRepo\Site\yii\web\widgets\CContentDecorator.php(55): CContentDecorator->decorate()
#2 C:\Users\Carlos\git\FenixLabRepo\Site\yii\web\widgets\COutputProcessor.php(45): CContentDecorator->processOutput()
#3 C:\Users\Carlos\git\FenixLabRepo\Site\yii\web\CBaseController.php(207): CContentDecorator->run()
#4 C:\Users\Carlos\git\FenixLabRepo\Site\yii\web\CBaseController.php(301): SiteController->endWidget()
#5 C:\Users\Carlos\git\FenixLabRepo\Site\FenixLabs-Site\protected\views\layouts\column1.php(6): SiteController->endContent()
#6 C:\Users\Carlos\git\FenixLabRepo\Site\yii\web\CBaseController.php(127): require()
#7 C:\Users\Carlos\git\FenixLabRepo\Site\yii\web\CBaseController.php(96): SiteController->renderInternal()
#8 C:\Users\Carlos\git\FenixLabRepo\Site\yii\web\CController.php(785): SiteController->renderFile()
#9 C:\Users\Carlos\git\FenixLabRepo\Site\FenixLabs-Site\protected\controllers\SiteController.php(76): SiteController->render()
#10 C:\Users\Carlos\git\FenixLabRepo\Site\yii\web\actions\CInlineAction.php(50): SiteController->actionContact()
#11 C:\Users\Carlos\git\FenixLabRepo\Site\yii\web\CController.php(309): CInlineAction->runWithParams()
#12 C:\Users\Carlos\git\FenixLabRepo\Site\yii\web\CController.php(287): SiteController->runAction()
#13 C:\Users\Carlos\git\FenixLabRepo\Site\yii\web\CController.php(266): SiteController->runActionWithFilters()
#14 C:\Users\Carlos\git\FenixLabRepo\Site\yii\web\CWebApplication.php(283): SiteController->run()
#15 C:\Users\Carlos\git\FenixLabRepo\Site\yii\web\CWebApplication.php(142): CWebApplication->runController()
#16 C:\Users\Carlos\git\FenixLabRepo\Site\yii\base\CApplication.php(162): CWebApplication->processRequest()
#17 C:\Users\Carlos\git\FenixLabRepo\Site\FenixLabs-Site\index.php(13): CWebApplication->run()
REQUEST_URI=/index.php?r=site/contact
in C:\Users\Carlos\git\FenixLabRepo\Site\FenixLabs-Site\protected\views\layouts\main.php (44)
in C:\Users\Carlos\git\FenixLabRepo\Site\FenixLabs-Site\protected\views\layouts\column1.php (6)
in C:\Users\Carlos\git\FenixLabRepo\Site\FenixLabs-Site\protected\controllers\SiteController.php (76)
2013/01/02 20:38:31 [error] [php] Undefined variable: menu (C:\Users\Carlos\git\FenixLabRepo\Site\FenixLabs-Site\protected\views\layouts\main.php:44)
Stack trace:
#0 C:\Users\Carlos\git\FenixLabRepo\Site\yii\web\widgets\CContentDecorator.php(77): SiteController->renderFile()
#1 C:\Users\Carlos\git\FenixLabRepo\Site\yii\web\widgets\CContentDecorator.php(55): CContentDecorator->decorate()
#2 C:\Users\Carlos\git\FenixLabRepo\Site\yii\web\widgets\COutputProcessor.php(45): CContentDecorator->processOutput()
#3 C:\Users\Carlos\git\FenixLabRepo\Site\yii\web\CBaseController.php(207): CContentDecorator->run()
#4 C:\Users\Carlos\git\FenixLabRepo\Site\yii\web\CBaseController.php(301): SiteController->endWidget()
#5 C:\Users\Carlos\git\FenixLabRepo\Site\FenixLabs-Site\protected\views\layouts\column1.php(6): SiteController->endContent()
#6 C:\Users\Carlos\git\FenixLabRepo\Site\yii\web\CBaseController.php(127): require()
#7 C:\Users\Carlos\git\FenixLabRepo\Site\yii\web\CBaseController.php(96): SiteController->renderInternal()
#8 C:\Users\Carlos\git\FenixLabRepo\Site\yii\web\CController.php(785): SiteController->renderFile()
#9 C:\Users\Carlos\git\FenixLabRepo\Site\FenixLabs-Site\protected\controllers\SiteController.php(36): SiteController->render()
#10 C:\Users\Carlos\git\FenixLabRepo\Site\yii\web\actions\CInlineAction.php(50): SiteController->actionIndex()
#11 C:\Users\Carlos\git\FenixLabRepo\Site\yii\web\CController.php(309): CInlineAction->runWithParams()
#12 C:\Users\Carlos\git\FenixLabRepo\Site\yii\web\CController.php(287): SiteController->runAction()
#13 C:\Users\Carlos\git\FenixLabRepo\Site\yii\web\CController.php(266): SiteController->runActionWithFilters()
#14 C:\Users\Carlos\git\FenixLabRepo\Site\yii\web\CWebApplication.php(283): SiteController->run()
#15 C:\Users\Carlos\git\FenixLabRepo\Site\yii\web\CWebApplication.php(142): CWebApplication->runController()
#16 C:\Users\Carlos\git\FenixLabRepo\Site\yii\base\CApplication.php(162): CWebApplication->processRequest()
#17 C:\Users\Carlos\git\FenixLabRepo\Site\FenixLabs-Site\index.php(13): CWebApplication->run()
REQUEST_URI=/index.php?r=site/index
in C:\Users\Carlos\git\FenixLabRepo\Site\FenixLabs-Site\protected\views\layouts\main.php (44)
in C:\Users\Carlos\git\FenixLabRepo\Site\FenixLabs-Site\protected\views\layouts\column1.php (6)
in C:\Users\Carlos\git\FenixLabRepo\Site\FenixLabs-Site\protected\controllers\SiteController.php (36)
